2022-09-01 10:20:24.234  INFO 15183 --- [main] c.a.r.RiskreportApplicationTests         : Starting RiskreportApplicationTests using Java 17.0.1 on tezkat-OptiPlex-790 with PID 15183 (started by tezkat in /home/tezkat/eclipse-workspace/abernathy/riskreport)
2022-09-01 10:20:24.245 DEBUG 15183 --- [main] c.a.r.RiskreportApplicationTests         : Running with Spring Boot v2.7.2, Spring v5.3.22
2022-09-01 10:20:24.245  INFO 15183 --- [main] c.a.r.RiskreportApplicationTests         : The following 1 profile is active: "dev"
2022-09-01 10:20:26.390  INFO 15183 --- [main] o.s.cloud.context.scope.GenericScope     : BeanFactory id=e2e4bccd-9fff-33c7-9e24-429e5f916aca
2022-09-01 10:20:28.213  INFO 15183 --- [main] o.s.b.a.e.web.EndpointLinksResolver      : Exposing 1 endpoint(s) beneath base path '/actuator'
2022-09-01 10:20:29.225  INFO 15183 --- [main] DiscoveryClientOptionalArgsConfiguration : Eureka HTTP Client uses RestTemplate.
2022-09-01 10:20:29.331  WARN 15183 --- [main] iguration$LoadBalancerCaffeineWarnLogger : Spring Cloud LoadBalancer is currently working with the default cache. While this cache implementation is useful for development and tests, it's recommended to use Caffeine cache in production.You can switch to using Caffeine cache, by adding it and org.springframework.cache.caffeine.CaffeineCacheManager to the classpath.
2022-09-01 10:20:29.740  INFO 15183 --- [main] c.a.r.RiskreportApplicationTests         : Started RiskreportApplicationTests in 6.062 seconds (JVM running for 8.395)
2022-09-01 10:20:30.430  INFO 15183 --- [main] .b.t.a.w.s.WebMvcTestContextBootstrapper : Neither @ContextConfiguration nor @ContextHierarchy found for test class [com.abernathyclinic.riskreport.controller.ReportControllerTest], using SpringBootContextLoader
2022-09-01 10:20:30.431  INFO 15183 --- [main] o.s.t.c.support.AbstractContextLoader    : Could not detect default resource locations for test class [com.abernathyclinic.riskreport.controller.ReportControllerTest]: no resource found for suffixes {-context.xml, Context.groovy}.
2022-09-01 10:20:30.431  INFO 15183 --- [main] t.c.s.AnnotationConfigContextLoaderUtils : Could not detect default configuration classes for test class [com.abernathyclinic.riskreport.controller.ReportControllerTest]: ReportControllerTest does not declare any static, non-private, non-final, nested classes annotated with @Configuration.
2022-09-01 10:20:30.462  INFO 15183 --- [main] .b.t.c.SpringBootTestContextBootstrapper : Found @SpringBootConfiguration com.abernathyclinic.riskreport.RiskreportApplication for test class com.abernathyclinic.riskreport.controller.ReportControllerTest
2022-09-01 10:20:30.464  INFO 15183 --- [main] .b.t.a.w.s.WebMvcTestContextBootstrapper : Loaded default TestExecutionListener class names from location [META-INF/spring.factories]: [org.springframework.boot.test.mock.mockito.MockitoTestExecutionListener, org.springframework.boot.test.mock.mockito.ResetMocksTestExecutionListener, org.springframework.boot.test.autoconfigure.restdocs.RestDocsTestExecutionListener, org.springframework.boot.test.autoconfigure.web.client.MockRestServiceServerResetTestExecutionListener, org.springframework.boot.test.autoconfigure.web.servlet.MockMvcPrintOnlyOnFailureTestExecutionListener, org.springframework.boot.test.autoconfigure.web.servlet.WebDriverTestExecutionListener, org.springframework.boot.test.autoconfigure.webservices.client.MockWebServiceServerTestExecutionListener, org.springframework.test.context.web.ServletTestExecutionListener, org.springframework.test.context.support.DirtiesContextBeforeModesTestExecutionListener, org.springframework.test.context.event.ApplicationEventsTestExecutionListener, org.springframework.test.context.support.DependencyInjectionTestExecutionListener, org.springframework.test.context.support.DirtiesContextTestExecutionListener, org.springframework.test.context.transaction.TransactionalTestExecutionListener, org.springframework.test.context.jdbc.SqlScriptsTestExecutionListener, org.springframework.test.context.event.EventPublishingTestExecutionListener]
2022-09-01 10:20:30.465  INFO 15183 --- [main] .b.t.a.w.s.WebMvcTestContextBootstrapper : Using TestExecutionListeners: [org.springframework.test.context.web.ServletTestExecutionListener@7b8d2b32, org.springframework.test.context.support.DirtiesContextBeforeModesTestExecutionListener@7e24d565, org.springframework.test.context.event.ApplicationEventsTestExecutionListener@778c5658, org.springframework.boot.test.mock.mockito.MockitoTestExecutionListener@52fe4ef2, org.springframework.boot.test.autoconfigure.SpringBootDependencyInjectionTestExecutionListener@40383b24, org.springframework.test.context.support.DirtiesContextTestExecutionListener@186f51bb, org.springframework.test.context.event.EventPublishingTestExecutionListener@dc4fa78, org.springframework.boot.test.mock.mockito.ResetMocksTestExecutionListener@2d6dbcec, org.springframework.boot.test.autoconfigure.restdocs.RestDocsTestExecutionListener@2c8d537e, org.springframework.boot.test.autoconfigure.web.client.MockRestServiceServerResetTestExecutionListener@4e0d2ddd, org.springframework.boot.test.autoconfigure.web.servlet.MockMvcPrintOnlyOnFailureTestExecutionListener@64b0195e, org.springframework.boot.test.autoconfigure.web.servlet.WebDriverTestExecutionListener@24fa43f8, org.springframework.boot.test.autoconfigure.webservices.client.MockWebServiceServerTestExecutionListener@622ae2ba]
2022-09-01 10:20:30.534  INFO 15183 --- [main] c.a.r.controller.ReportControllerTest    : Starting ReportControllerTest using Java 17.0.1 on tezkat-OptiPlex-790 with PID 15183 (started by tezkat in /home/tezkat/eclipse-workspace/abernathy/riskreport)
2022-09-01 10:20:30.534 DEBUG 15183 --- [main] c.a.r.controller.ReportControllerTest    : Running with Spring Boot v2.7.2, Spring v5.3.22
2022-09-01 10:20:30.535  INFO 15183 --- [main] c.a.r.controller.ReportControllerTest    : The following 1 profile is active: "dev"
2022-09-01 10:20:31.080  INFO 15183 --- [main] o.s.b.t.m.w.SpringBootMockServletContext : Initializing Spring TestDispatcherServlet ''
2022-09-01 10:20:31.081  INFO 15183 --- [main] o.s.t.web.servlet.TestDispatcherServlet  : Initializing Servlet ''
2022-09-01 10:20:31.084  INFO 15183 --- [main] o.s.t.web.servlet.TestDispatcherServlet  : Completed initialization in 3 ms
2022-09-01 10:20:31.099  INFO 15183 --- [main] c.a.r.controller.ReportControllerTest    : Started ReportControllerTest in 0.631 seconds (JVM running for 9.754)
2022-09-01 10:20:31.324  INFO 15183 --- [main] .b.t.c.SpringBootTestContextBootstrapper : Neither @ContextConfiguration nor @ContextHierarchy found for test class [com.abernathyclinic.riskreport.service.ReportServiceTest], using SpringBootContextLoader
2022-09-01 10:20:31.324  INFO 15183 --- [main] o.s.t.c.support.AbstractContextLoader    : Could not detect default resource locations for test class [com.abernathyclinic.riskreport.service.ReportServiceTest]: no resource found for suffixes {-context.xml, Context.groovy}.
2022-09-01 10:20:31.325  INFO 15183 --- [main] t.c.s.AnnotationConfigContextLoaderUtils : Could not detect default configuration classes for test class [com.abernathyclinic.riskreport.service.ReportServiceTest]: ReportServiceTest does not declare any static, non-private, non-final, nested classes annotated with @Configuration.
2022-09-01 10:20:31.331  INFO 15183 --- [main] .b.t.c.SpringBootTestContextBootstrapper : Found @SpringBootConfiguration com.abernathyclinic.riskreport.RiskreportApplication for test class com.abernathyclinic.riskreport.service.ReportServiceTest
2022-09-01 10:20:31.333  INFO 15183 --- [main] .b.t.c.SpringBootTestContextBootstrapper : Loaded default TestExecutionListener class names from location [META-INF/spring.factories]: [org.springframework.boot.test.mock.mockito.MockitoTestExecutionListener, org.springframework.boot.test.mock.mockito.ResetMocksTestExecutionListener, org.springframework.boot.test.autoconfigure.restdocs.RestDocsTestExecutionListener, org.springframework.boot.test.autoconfigure.web.client.MockRestServiceServerResetTestExecutionListener, org.springframework.boot.test.autoconfigure.web.servlet.MockMvcPrintOnlyOnFailureTestExecutionListener, org.springframework.boot.test.autoconfigure.web.servlet.WebDriverTestExecutionListener, org.springframework.boot.test.autoconfigure.webservices.client.MockWebServiceServerTestExecutionListener, org.springframework.test.context.web.ServletTestExecutionListener, org.springframework.test.context.support.DirtiesContextBeforeModesTestExecutionListener, org.springframework.test.context.event.ApplicationEventsTestExecutionListener, org.springframework.test.context.support.DependencyInjectionTestExecutionListener, org.springframework.test.context.support.DirtiesContextTestExecutionListener, org.springframework.test.context.transaction.TransactionalTestExecutionListener, org.springframework.test.context.jdbc.SqlScriptsTestExecutionListener, org.springframework.test.context.event.EventPublishingTestExecutionListener]
2022-09-01 10:20:31.334  INFO 15183 --- [main] .b.t.c.SpringBootTestContextBootstrapper : Using TestExecutionListeners: [org.springframework.test.context.web.ServletTestExecutionListener@351c4384, org.springframework.test.context.support.DirtiesContextBeforeModesTestExecutionListener@67e85559, org.springframework.test.context.event.ApplicationEventsTestExecutionListener@5789d61d, org.springframework.boot.test.mock.mockito.MockitoTestExecutionListener@7a00446, org.springframework.boot.test.autoconfigure.SpringBootDependencyInjectionTestExecutionListener@50f77755, org.springframework.test.context.support.DirtiesContextTestExecutionListener@7590b28f, org.springframework.test.context.event.EventPublishingTestExecutionListener@6cb0ab1e, org.springframework.boot.test.mock.mockito.ResetMocksTestExecutionListener@6bb500fa, org.springframework.boot.test.autoconfigure.restdocs.RestDocsTestExecutionListener@939f06, org.springframework.boot.test.autoconfigure.web.client.MockRestServiceServerResetTestExecutionListener@70e75151, org.springframework.boot.test.autoconfigure.web.servlet.MockMvcPrintOnlyOnFailureTestExecutionListener@1966ec08, org.springframework.boot.test.autoconfigure.web.servlet.WebDriverTestExecutionListener@5a178d0e, org.springframework.boot.test.autoconfigure.webservices.client.MockWebServiceServerTestExecutionListener@46e052e5]
2022-09-01 10:20:31.396  INFO 15183 --- [main] c.a.r.service.ReportServiceTest          : Starting ReportServiceTest using Java 17.0.1 on tezkat-OptiPlex-790 with PID 15183 (started by tezkat in /home/tezkat/eclipse-workspace/abernathy/riskreport)
2022-09-01 10:20:31.397  INFO 15183 --- [main] c.a.r.service.ReportServiceTest          : The following 1 profile is active: "dev"
2022-09-01 10:20:31.845  INFO 15183 --- [main] o.s.cloud.context.scope.GenericScope     : BeanFactory id=e2e4bccd-9fff-33c7-9e24-429e5f916aca
2022-09-01 10:20:32.357  INFO 15183 --- [main] o.s.b.a.e.web.EndpointLinksResolver      : Exposing 1 endpoint(s) beneath base path '/actuator'
2022-09-01 10:20:32.747  INFO 15183 --- [main] DiscoveryClientOptionalArgsConfiguration : Eureka HTTP Client uses RestTemplate.
2022-09-01 10:20:32.815  WARN 15183 --- [main] iguration$LoadBalancerCaffeineWarnLogger : Spring Cloud LoadBalancer is currently working with the default cache. While this cache implementation is useful for development and tests, it's recommended to use Caffeine cache in production.You can switch to using Caffeine cache, by adding it and org.springframework.cache.caffeine.CaffeineCacheManager to the classpath.
2022-09-01 10:20:32.965  INFO 15183 --- [main] c.a.r.service.ReportServiceTest          : Started ReportServiceTest in 1.628 seconds (JVM running for 11.62)
2022-09-01 10:20:32.983  INFO 15183 --- [main] c.a.r.service.ReportServiceImpl          : Patient Test TestInDanger has 3risk occurences
2022-09-01 10:20:33.000  INFO 15183 --- [main] c.a.r.service.ReportServiceImpl          : Patient Test TestEarlyOnset has 8risk occurences
2022-09-01 10:20:33.010  INFO 15183 --- [main] c.a.r.service.ReportServiceImpl          : Patient Test TestEarlyOnset has 5risk occurences
2022-09-01 10:20:33.017  INFO 15183 --- [main] c.a.r.service.ReportServiceImpl          : Patient Test TestBorderline has 4risk occurences
2022-09-01 10:20:33.023  INFO 15183 --- [main] c.a.r.service.ReportServiceImpl          : Patient Test TestBorderline has 3risk occurences
2022-09-01 10:20:33.032  INFO 15183 --- [main] c.a.r.service.ReportServiceImpl          : Patient Test TestEarlyOnset has 3risk occurences
2022-09-01 10:20:33.041  INFO 15183 --- [main] c.a.r.service.ReportServiceImpl          : Patient Test TestInDanger has 5risk occurences
2022-09-01 10:20:33.050  INFO 15183 --- [main] c.a.r.service.ReportServiceImpl          : Patient Test TestNone has 6risk occurences
2022-09-01 10:20:33.056  INFO 15183 --- [main] c.a.r.service.ReportServiceImpl          : Patient Test TestBorderline has 2risk occurences
2022-09-01 10:20:33.063  INFO 15183 --- [main] c.a.r.service.ReportServiceImpl          : Patient Test TestNone has 5risk occurences
2022-09-01 10:20:33.075  INFO 15183 --- [main] c.a.r.service.ReportServiceImpl          : Patient Test TestInDanger has 6risk occurences
2022-09-01 10:20:33.082  INFO 15183 --- [main] c.a.r.service.ReportServiceImpl          : Patient Test TestInDanger has 2risk occurences
2022-09-01 10:20:33.088  INFO 15183 --- [main] c.a.r.service.ReportServiceImpl          : Patient Test TestEarlyOnset has 4risk occurences
2022-09-01 10:20:33.099  INFO 15183 --- [main] c.a.r.service.ReportServiceImpl          : Patient Test TestNone has 1risk occurences
2022-09-01 10:20:33.118  INFO 15183 --- [main] c.a.r.service.ReportServiceImpl          : Patient Test TestNone has 1risk occurences
2022-09-01 10:20:33.125  INFO 15183 --- [main] c.a.r.service.ReportServiceImpl          : Patient Test TestNone has 1risk occurences
2022-09-01 10:20:33.133  INFO 15183 --- [main] c.a.r.service.ReportServiceImpl          : Patient Test TestBorderline has 6risk occurences
2022-09-01 10:22:33.550  INFO 16167 --- [main] c.a.r.RiskreportApplicationTests         : Starting RiskreportApplicationTests using Java 17.0.1 on tezkat-OptiPlex-790 with PID 16167 (started by tezkat in /home/tezkat/eclipse-workspace/abernathy/riskreport)
2022-09-01 10:22:33.553 DEBUG 16167 --- [main] c.a.r.RiskreportApplicationTests         : Running with Spring Boot v2.7.2, Spring v5.3.22
2022-09-01 10:22:33.555  INFO 16167 --- [main] c.a.r.RiskreportApplicationTests         : The following 1 profile is active: "dev"
2022-09-01 10:22:35.613  INFO 16167 --- [main] o.s.cloud.context.scope.GenericScope     : BeanFactory id=e2e4bccd-9fff-33c7-9e24-429e5f916aca
2022-09-01 10:22:37.462  INFO 16167 --- [main] o.s.b.a.e.web.EndpointLinksResolver      : Exposing 1 endpoint(s) beneath base path '/actuator'
2022-09-01 10:22:38.488  INFO 16167 --- [main] DiscoveryClientOptionalArgsConfiguration : Eureka HTTP Client uses RestTemplate.
2022-09-01 10:22:38.597  WARN 16167 --- [main] iguration$LoadBalancerCaffeineWarnLogger : Spring Cloud LoadBalancer is currently working with the default cache. While this cache implementation is useful for development and tests, it's recommended to use Caffeine cache in production.You can switch to using Caffeine cache, by adding it and org.springframework.cache.caffeine.CaffeineCacheManager to the classpath.
2022-09-01 10:22:39.001  INFO 16167 --- [main] c.a.r.RiskreportApplicationTests         : Started RiskreportApplicationTests in 6.067 seconds (JVM running for 8.183)
2022-09-01 10:22:39.704  INFO 16167 --- [main] .b.t.a.w.s.WebMvcTestContextBootstrapper : Neither @ContextConfiguration nor @ContextHierarchy found for test class [com.abernathyclinic.riskreport.controller.ReportControllerTest], using SpringBootContextLoader
2022-09-01 10:22:39.705  INFO 16167 --- [main] o.s.t.c.support.AbstractContextLoader    : Could not detect default resource locations for test class [com.abernathyclinic.riskreport.controller.ReportControllerTest]: no resource found for suffixes {-context.xml, Context.groovy}.
2022-09-01 10:22:39.705  INFO 16167 --- [main] t.c.s.AnnotationConfigContextLoaderUtils : Could not detect default configuration classes for test class [com.abernathyclinic.riskreport.controller.ReportControllerTest]: ReportControllerTest does not declare any static, non-private, non-final, nested classes annotated with @Configuration.
2022-09-01 10:22:39.746  INFO 16167 --- [main] .b.t.c.SpringBootTestContextBootstrapper : Found @SpringBootConfiguration com.abernathyclinic.riskreport.RiskreportApplication for test class com.abernathyclinic.riskreport.controller.ReportControllerTest
2022-09-01 10:22:39.747  INFO 16167 --- [main] .b.t.a.w.s.WebMvcTestContextBootstrapper : Loaded default TestExecutionListener class names from location [META-INF/spring.factories]: [org.springframework.boot.test.mock.mockito.MockitoTestExecutionListener, org.springframework.boot.test.mock.mockito.ResetMocksTestExecutionListener, org.springframework.boot.test.autoconfigure.restdocs.RestDocsTestExecutionListener, org.springframework.boot.test.autoconfigure.web.client.MockRestServiceServerResetTestExecutionListener, org.springframework.boot.test.autoconfigure.web.servlet.MockMvcPrintOnlyOnFailureTestExecutionListener, org.springframework.boot.test.autoconfigure.web.servlet.WebDriverTestExecutionListener, org.springframework.boot.test.autoconfigure.webservices.client.MockWebServiceServerTestExecutionListener, org.springframework.test.context.web.ServletTestExecutionListener, org.springframework.test.context.support.DirtiesContextBeforeModesTestExecutionListener, org.springframework.test.context.event.ApplicationEventsTestExecutionListener, org.springframework.test.context.support.DependencyInjectionTestExecutionListener, org.springframework.test.context.support.DirtiesContextTestExecutionListener, org.springframework.test.context.transaction.TransactionalTestExecutionListener, org.springframework.test.context.jdbc.SqlScriptsTestExecutionListener, org.springframework.test.context.event.EventPublishingTestExecutionListener]
2022-09-01 10:22:39.749  INFO 16167 --- [main] .b.t.a.w.s.WebMvcTestContextBootstrapper : Using TestExecutionListeners: [org.springframework.test.context.web.ServletTestExecutionListener@19b019a6, org.springframework.test.context.support.DirtiesContextBeforeModesTestExecutionListener@37aae870, org.springframework.test.context.event.ApplicationEventsTestExecutionListener@1571a63a, org.springframework.boot.test.mock.mockito.MockitoTestExecutionListener@40ff96ee, org.springframework.boot.test.autoconfigure.SpringBootDependencyInjectionTestExecutionListener@599bda7e, org.springframework.test.context.support.DirtiesContextTestExecutionListener@39124055, org.springframework.test.context.event.EventPublishingTestExecutionListener@21ca613b, org.springframework.boot.test.mock.mockito.ResetMocksTestExecutionListener@1dbecb0a, org.springframework.boot.test.autoconfigure.restdocs.RestDocsTestExecutionListener@1af1aae9, org.springframework.boot.test.autoconfigure.web.client.MockRestServiceServerResetTestExecutionListener@31ca510a, org.springframework.boot.test.autoconfigure.web.servlet.MockMvcPrintOnlyOnFailureTestExecutionListener@437b2db1, org.springframework.boot.test.autoconfigure.web.servlet.WebDriverTestExecutionListener@2876584f, org.springframework.boot.test.autoconfigure.webservices.client.MockWebServiceServerTestExecutionListener@3f47094a]
2022-09-01 10:22:39.835  INFO 16167 --- [main] c.a.r.controller.ReportControllerTest    : Starting ReportControllerTest using Java 17.0.1 on tezkat-OptiPlex-790 with PID 16167 (started by tezkat in /home/tezkat/eclipse-workspace/abernathy/riskreport)
2022-09-01 10:22:39.836 DEBUG 16167 --- [main] c.a.r.controller.ReportControllerTest    : Running with Spring Boot v2.7.2, Spring v5.3.22
2022-09-01 10:22:39.836  INFO 16167 --- [main] c.a.r.controller.ReportControllerTest    : The following 1 profile is active: "dev"
2022-09-01 10:22:40.344  INFO 16167 --- [main] o.s.b.t.m.w.SpringBootMockServletContext : Initializing Spring TestDispatcherServlet ''
2022-09-01 10:22:40.344  INFO 16167 --- [main] o.s.t.web.servlet.TestDispatcherServlet  : Initializing Servlet ''
2022-09-01 10:22:40.345  INFO 16167 --- [main] o.s.t.web.servlet.TestDispatcherServlet  : Completed initialization in 1 ms
2022-09-01 10:22:40.361  INFO 16167 --- [main] c.a.r.controller.ReportControllerTest    : Started ReportControllerTest in 0.61 seconds (JVM running for 9.544)
2022-09-01 10:22:40.611  INFO 16167 --- [main] .b.t.c.SpringBootTestContextBootstrapper : Neither @ContextConfiguration nor @ContextHierarchy found for test class [com.abernathyclinic.riskreport.service.ReportServiceTest], using SpringBootContextLoader
2022-09-01 10:22:40.611  INFO 16167 --- [main] o.s.t.c.support.AbstractContextLoader    : Could not detect default resource locations for test class [com.abernathyclinic.riskreport.service.ReportServiceTest]: no resource found for suffixes {-context.xml, Context.groovy}.
2022-09-01 10:22:40.612  INFO 16167 --- [main] t.c.s.AnnotationConfigContextLoaderUtils : Could not detect default configuration classes for test class [com.abernathyclinic.riskreport.service.ReportServiceTest]: ReportServiceTest does not declare any static, non-private, non-final, nested classes annotated with @Configuration.
2022-09-01 10:22:40.625  INFO 16167 --- [main] .b.t.c.SpringBootTestContextBootstrapper : Found @SpringBootConfiguration com.abernathyclinic.riskreport.RiskreportApplication for test class com.abernathyclinic.riskreport.service.ReportServiceTest
2022-09-01 10:22:40.629  INFO 16167 --- [main] .b.t.c.SpringBootTestContextBootstrapper : Loaded default TestExecutionListener class names from location [META-INF/spring.factories]: [org.springframework.boot.test.mock.mockito.MockitoTestExecutionListener, org.springframework.boot.test.mock.mockito.ResetMocksTestExecutionListener, org.springframework.boot.test.autoconfigure.restdocs.RestDocsTestExecutionListener, org.springframework.boot.test.autoconfigure.web.client.MockRestServiceServerResetTestExecutionListener, org.springframework.boot.test.autoconfigure.web.servlet.MockMvcPrintOnlyOnFailureTestExecutionListener, org.springframework.boot.test.autoconfigure.web.servlet.WebDriverTestExecutionListener, org.springframework.boot.test.autoconfigure.webservices.client.MockWebServiceServerTestExecutionListener, org.springframework.test.context.web.ServletTestExecutionListener, org.springframework.test.context.support.DirtiesContextBeforeModesTestExecutionListener, org.springframework.test.context.event.ApplicationEventsTestExecutionListener, org.springframework.test.context.support.DependencyInjectionTestExecutionListener, org.springframework.test.context.support.DirtiesContextTestExecutionListener, org.springframework.test.context.transaction.TransactionalTestExecutionListener, org.springframework.test.context.jdbc.SqlScriptsTestExecutionListener, org.springframework.test.context.event.EventPublishingTestExecutionListener]
2022-09-01 10:22:40.630  INFO 16167 --- [main] .b.t.c.SpringBootTestContextBootstrapper : Using TestExecutionListeners: [org.springframework.test.context.web.ServletTestExecutionListener@2cd9bff2, org.springframework.test.context.support.DirtiesContextBeforeModesTestExecutionListener@4c40aed1, org.springframework.test.context.event.ApplicationEventsTestExecutionListener@bca34d, org.springframework.boot.test.mock.mockito.MockitoTestExecutionListener@7469445d, org.springframework.boot.test.autoconfigure.SpringBootDependencyInjectionTestExecutionListener@152e530d, org.springframework.test.context.support.DirtiesContextTestExecutionListener@5c51515f, org.springframework.test.context.event.EventPublishingTestExecutionListener@39122753, org.springframework.boot.test.mock.mockito.ResetMocksTestExecutionListener@7e7c780, org.springframework.boot.test.autoconfigure.restdocs.RestDocsTestExecutionListener@60b65a4a, org.springframework.boot.test.autoconfigure.web.client.MockRestServiceServerResetTestExecutionListener@363b24aa, org.springframework.boot.test.autoconfigure.web.servlet.MockMvcPrintOnlyOnFailureTestExecutionListener@1ebbb581, org.springframework.boot.test.autoconfigure.web.servlet.WebDriverTestExecutionListener@27d9ba11, org.springframework.boot.test.autoconfigure.webservices.client.MockWebServiceServerTestExecutionListener@756fd0aa]
2022-09-01 10:22:40.696  INFO 16167 --- [main] c.a.r.service.ReportServiceTest          : Starting ReportServiceTest using Java 17.0.1 on tezkat-OptiPlex-790 with PID 16167 (started by tezkat in /home/tezkat/eclipse-workspace/abernathy/riskreport)
2022-09-01 10:22:40.696  INFO 16167 --- [main] c.a.r.service.ReportServiceTest          : The following 1 profile is active: "dev"
2022-09-01 10:22:41.138  INFO 16167 --- [main] o.s.cloud.context.scope.GenericScope     : BeanFactory id=e2e4bccd-9fff-33c7-9e24-429e5f916aca
2022-09-01 10:22:41.664  INFO 16167 --- [main] o.s.b.a.e.web.EndpointLinksResolver      : Exposing 1 endpoint(s) beneath base path '/actuator'
2022-09-01 10:22:42.082  INFO 16167 --- [main] DiscoveryClientOptionalArgsConfiguration : Eureka HTTP Client uses RestTemplate.
2022-09-01 10:22:42.147  WARN 16167 --- [main] iguration$LoadBalancerCaffeineWarnLogger : Spring Cloud LoadBalancer is currently working with the default cache. While this cache implementation is useful for development and tests, it's recommended to use Caffeine cache in production.You can switch to using Caffeine cache, by adding it and org.springframework.cache.caffeine.CaffeineCacheManager to the classpath.
2022-09-01 10:22:42.293  INFO 16167 --- [main] c.a.r.service.ReportServiceTest          : Started ReportServiceTest in 1.661 seconds (JVM running for 11.476)
2022-09-01 10:22:42.315  INFO 16167 --- [main] c.a.r.service.ReportServiceImpl          : Patient Test TestInDanger has 3risk occurences
2022-09-01 10:22:42.329  INFO 16167 --- [main] c.a.r.service.ReportServiceImpl          : Patient Test TestEarlyOnset has 8risk occurences
2022-09-01 10:22:42.340  INFO 16167 --- [main] c.a.r.service.ReportServiceImpl          : Patient Test TestEarlyOnset has 5risk occurences
2022-09-01 10:22:42.346  INFO 16167 --- [main] c.a.r.service.ReportServiceImpl          : Patient Test TestBorderline has 4risk occurences
2022-09-01 10:22:42.352  INFO 16167 --- [main] c.a.r.service.ReportServiceImpl          : Patient Test TestBorderline has 3risk occurences
2022-09-01 10:22:42.362  INFO 16167 --- [main] c.a.r.service.ReportServiceImpl          : Patient Test TestEarlyOnset has 3risk occurences
2022-09-01 10:22:42.369  INFO 16167 --- [main] c.a.r.service.ReportServiceImpl          : Patient Test TestInDanger has 5risk occurences
2022-09-01 10:22:42.375  INFO 16167 --- [main] c.a.r.service.ReportServiceImpl          : Patient Test TestNone has 6risk occurences
2022-09-01 10:22:42.381  INFO 16167 --- [main] c.a.r.service.ReportServiceImpl          : Patient Test TestBorderline has 2risk occurences
2022-09-01 10:22:42.387  INFO 16167 --- [main] c.a.r.service.ReportServiceImpl          : Patient Test TestNone has 5risk occurences
2022-09-01 10:22:42.394  INFO 16167 --- [main] c.a.r.service.ReportServiceImpl          : Patient Test TestInDanger has 6risk occurences
2022-09-01 10:22:42.402  INFO 16167 --- [main] c.a.r.service.ReportServiceImpl          : Patient Test TestInDanger has 2risk occurences
2022-09-01 10:22:42.409  INFO 16167 --- [main] c.a.r.service.ReportServiceImpl          : Patient Test TestEarlyOnset has 4risk occurences
2022-09-01 10:22:42.416  INFO 16167 --- [main] c.a.r.service.ReportServiceImpl          : Patient Test TestNone has 1risk occurences
2022-09-01 10:22:42.438  INFO 16167 --- [main] c.a.r.service.ReportServiceImpl          : Patient Test TestNone has 1risk occurences
2022-09-01 10:22:42.444  INFO 16167 --- [main] c.a.r.service.ReportServiceImpl          : Patient Test TestNone has 1risk occurences
2022-09-01 10:22:42.449  INFO 16167 --- [main] c.a.r.service.ReportServiceImpl          : Patient Test TestBorderline has 6risk occurences
2022-09-01 15:32:20.807  INFO 47521 --- [main] c.a.r.RiskreportApplicationTests         : Starting RiskreportApplicationTests using Java 17.0.1 on tezkat-OptiPlex-790 with PID 47521 (started by tezkat in /home/tezkat/eclipse-workspace/abernathy/riskreport)
2022-09-01 15:32:20.809 DEBUG 47521 --- [main] c.a.r.RiskreportApplicationTests         : Running with Spring Boot v2.7.2, Spring v5.3.22
2022-09-01 15:32:20.811  INFO 47521 --- [main] c.a.r.RiskreportApplicationTests         : The following 1 profile is active: "dev"
2022-09-01 15:32:23.068  INFO 47521 --- [main] o.s.cloud.context.scope.GenericScope     : BeanFactory id=e2e4bccd-9fff-33c7-9e24-429e5f916aca
2022-09-01 15:32:24.911  INFO 47521 --- [main] o.s.b.a.e.web.EndpointLinksResolver      : Exposing 1 endpoint(s) beneath base path '/actuator'
2022-09-01 15:32:25.936  INFO 47521 --- [main] DiscoveryClientOptionalArgsConfiguration : Eureka HTTP Client uses RestTemplate.
2022-09-01 15:32:26.043  WARN 47521 --- [main] iguration$LoadBalancerCaffeineWarnLogger : Spring Cloud LoadBalancer is currently working with the default cache. While this cache implementation is useful for development and tests, it's recommended to use Caffeine cache in production.You can switch to using Caffeine cache, by adding it and org.springframework.cache.caffeine.CaffeineCacheManager to the classpath.
2022-09-01 15:32:26.450  INFO 47521 --- [main] c.a.r.RiskreportApplicationTests         : Started RiskreportApplicationTests in 6.236 seconds (JVM running for 8.534)
2022-09-01 15:32:27.179  INFO 47521 --- [main] .b.t.a.w.s.WebMvcTestContextBootstrapper : Neither @ContextConfiguration nor @ContextHierarchy found for test class [com.abernathyclinic.riskreport.controller.ReportControllerTest], using SpringBootContextLoader
2022-09-01 15:32:27.180  INFO 47521 --- [main] o.s.t.c.support.AbstractContextLoader    : Could not detect default resource locations for test class [com.abernathyclinic.riskreport.controller.ReportControllerTest]: no resource found for suffixes {-context.xml, Context.groovy}.
2022-09-01 15:32:27.181  INFO 47521 --- [main] t.c.s.AnnotationConfigContextLoaderUtils : Could not detect default configuration classes for test class [com.abernathyclinic.riskreport.controller.ReportControllerTest]: ReportControllerTest does not declare any static, non-private, non-final, nested classes annotated with @Configuration.
2022-09-01 15:32:27.224  INFO 47521 --- [main] .b.t.c.SpringBootTestContextBootstrapper : Found @SpringBootConfiguration com.abernathyclinic.riskreport.RiskreportApplication for test class com.abernathyclinic.riskreport.controller.ReportControllerTest
2022-09-01 15:32:27.228  INFO 47521 --- [main] .b.t.a.w.s.WebMvcTestContextBootstrapper : Loaded default TestExecutionListener class names from location [META-INF/spring.factories]: [org.springframework.boot.test.mock.mockito.MockitoTestExecutionListener, org.springframework.boot.test.mock.mockito.ResetMocksTestExecutionListener, org.springframework.boot.test.autoconfigure.restdocs.RestDocsTestExecutionListener, org.springframework.boot.test.autoconfigure.web.client.MockRestServiceServerResetTestExecutionListener, org.springframework.boot.test.autoconfigure.web.servlet.MockMvcPrintOnlyOnFailureTestExecutionListener, org.springframework.boot.test.autoconfigure.web.servlet.WebDriverTestExecutionListener, org.springframework.boot.test.autoconfigure.webservices.client.MockWebServiceServerTestExecutionListener, org.springframework.test.context.web.ServletTestExecutionListener, org.springframework.test.context.support.DirtiesContextBeforeModesTestExecutionListener, org.springframework.test.context.event.ApplicationEventsTestExecutionListener, org.springframework.test.context.support.DependencyInjectionTestExecutionListener, org.springframework.test.context.support.DirtiesContextTestExecutionListener, org.springframework.test.context.transaction.TransactionalTestExecutionListener, org.springframework.test.context.jdbc.SqlScriptsTestExecutionListener, org.springframework.test.context.event.EventPublishingTestExecutionListener]
2022-09-01 15:32:27.229  INFO 47521 --- [main] .b.t.a.w.s.WebMvcTestContextBootstrapper : Using TestExecutionListeners: [org.springframework.test.context.web.ServletTestExecutionListener@19b019a6, org.springframework.test.context.support.DirtiesContextBeforeModesTestExecutionListener@37aae870, org.springframework.test.context.event.ApplicationEventsTestExecutionListener@1571a63a, org.springframework.boot.test.mock.mockito.MockitoTestExecutionListener@40ff96ee, org.springframework.boot.test.autoconfigure.SpringBootDependencyInjectionTestExecutionListener@599bda7e, org.springframework.test.context.support.DirtiesContextTestExecutionListener@39124055, org.springframework.test.context.event.EventPublishingTestExecutionListener@21ca613b, org.springframework.boot.test.mock.mockito.ResetMocksTestExecutionListener@1dbecb0a, org.springframework.boot.test.autoconfigure.restdocs.RestDocsTestExecutionListener@1af1aae9, org.springframework.boot.test.autoconfigure.web.client.MockRestServiceServerResetTestExecutionListener@31ca510a, org.springframework.boot.test.autoconfigure.web.servlet.MockMvcPrintOnlyOnFailureTestExecutionListener@437b2db1, org.springframework.boot.test.autoconfigure.web.servlet.WebDriverTestExecutionListener@2876584f, org.springframework.boot.test.autoconfigure.webservices.client.MockWebServiceServerTestExecutionListener@3f47094a]
2022-09-01 15:32:27.314  INFO 47521 --- [main] c.a.r.controller.ReportControllerTest    : Starting ReportControllerTest using Java 17.0.1 on tezkat-OptiPlex-790 with PID 47521 (started by tezkat in /home/tezkat/eclipse-workspace/abernathy/riskreport)
2022-09-01 15:32:27.315 DEBUG 47521 --- [main] c.a.r.controller.ReportControllerTest    : Running with Spring Boot v2.7.2, Spring v5.3.22
2022-09-01 15:32:27.315  INFO 47521 --- [main] c.a.r.controller.ReportControllerTest    : The following 1 profile is active: "dev"
2022-09-01 15:32:27.827  INFO 47521 --- [main] o.s.b.t.m.w.SpringBootMockServletContext : Initializing Spring TestDispatcherServlet ''
2022-09-01 15:32:27.827  INFO 47521 --- [main] o.s.t.web.servlet.TestDispatcherServlet  : Initializing Servlet ''
2022-09-01 15:32:27.828  INFO 47521 --- [main] o.s.t.web.servlet.TestDispatcherServlet  : Completed initialization in 1 ms
2022-09-01 15:32:27.843  INFO 47521 --- [main] c.a.r.controller.ReportControllerTest    : Started ReportControllerTest in 0.611 seconds (JVM running for 9.926)
2022-09-01 15:32:28.106  INFO 47521 --- [main] .b.t.c.SpringBootTestContextBootstrapper : Neither @ContextConfiguration nor @ContextHierarchy found for test class [com.abernathyclinic.riskreport.service.ReportServiceTest], using SpringBootContextLoader
2022-09-01 15:32:28.109  INFO 47521 --- [main] o.s.t.c.support.AbstractContextLoader    : Could not detect default resource locations for test class [com.abernathyclinic.riskreport.service.ReportServiceTest]: no resource found for suffixes {-context.xml, Context.groovy}.
2022-09-01 15:32:28.110  INFO 47521 --- [main] t.c.s.AnnotationConfigContextLoaderUtils : Could not detect default configuration classes for test class [com.abernathyclinic.riskreport.service.ReportServiceTest]: ReportServiceTest does not declare any static, non-private, non-final, nested classes annotated with @Configuration.
2022-09-01 15:32:28.119  INFO 47521 --- [main] .b.t.c.SpringBootTestContextBootstrapper : Found @SpringBootConfiguration com.abernathyclinic.riskreport.RiskreportApplication for test class com.abernathyclinic.riskreport.service.ReportServiceTest
2022-09-01 15:32:28.121  INFO 47521 --- [main] .b.t.c.SpringBootTestContextBootstrapper : Loaded default TestExecutionListener class names from location [META-INF/spring.factories]: [org.springframework.boot.test.mock.mockito.MockitoTestExecutionListener, org.springframework.boot.test.mock.mockito.ResetMocksTestExecutionListener, org.springframework.boot.test.autoconfigure.restdocs.RestDocsTestExecutionListener, org.springframework.boot.test.autoconfigure.web.client.MockRestServiceServerResetTestExecutionListener, org.springframework.boot.test.autoconfigure.web.servlet.MockMvcPrintOnlyOnFailureTestExecutionListener, org.springframework.boot.test.autoconfigure.web.servlet.WebDriverTestExecutionListener, org.springframework.boot.test.autoconfigure.webservices.client.MockWebServiceServerTestExecutionListener, org.springframework.test.context.web.ServletTestExecutionListener, org.springframework.test.context.support.DirtiesContextBeforeModesTestExecutionListener, org.springframework.test.context.event.ApplicationEventsTestExecutionListener, org.springframework.test.context.support.DependencyInjectionTestExecutionListener, org.springframework.test.context.support.DirtiesContextTestExecutionListener, org.springframework.test.context.transaction.TransactionalTestExecutionListener, org.springframework.test.context.jdbc.SqlScriptsTestExecutionListener, org.springframework.test.context.event.EventPublishingTestExecutionListener]
2022-09-01 15:32:28.123  INFO 47521 --- [main] .b.t.c.SpringBootTestContextBootstrapper : Using TestExecutionListeners: [org.springframework.test.context.web.ServletTestExecutionListener@2cd9bff2, org.springframework.test.context.support.DirtiesContextBeforeModesTestExecutionListener@4c40aed1, org.springframework.test.context.event.ApplicationEventsTestExecutionListener@bca34d, org.springframework.boot.test.mock.mockito.MockitoTestExecutionListener@7469445d, org.springframework.boot.test.autoconfigure.SpringBootDependencyInjectionTestExecutionListener@152e530d, org.springframework.test.context.support.DirtiesContextTestExecutionListener@5c51515f, org.springframework.test.context.event.EventPublishingTestExecutionListener@39122753, org.springframework.boot.test.mock.mockito.ResetMocksTestExecutionListener@7e7c780, org.springframework.boot.test.autoconfigure.restdocs.RestDocsTestExecutionListener@60b65a4a, org.springframework.boot.test.autoconfigure.web.client.MockRestServiceServerResetTestExecutionListener@363b24aa, org.springframework.boot.test.autoconfigure.web.servlet.MockMvcPrintOnlyOnFailureTestExecutionListener@1ebbb581, org.springframework.boot.test.autoconfigure.web.servlet.WebDriverTestExecutionListener@27d9ba11, org.springframework.boot.test.autoconfigure.webservices.client.MockWebServiceServerTestExecutionListener@756fd0aa]
2022-09-01 15:32:28.173  INFO 47521 --- [main] c.a.r.service.ReportServiceTest          : Starting ReportServiceTest using Java 17.0.1 on tezkat-OptiPlex-790 with PID 47521 (started by tezkat in /home/tezkat/eclipse-workspace/abernathy/riskreport)
2022-09-01 15:32:28.174  INFO 47521 --- [main] c.a.r.service.ReportServiceTest          : The following 1 profile is active: "dev"
2022-09-01 15:32:28.638  INFO 47521 --- [main] o.s.cloud.context.scope.GenericScope     : BeanFactory id=e2e4bccd-9fff-33c7-9e24-429e5f916aca
2022-09-01 15:32:29.176  INFO 47521 --- [main] o.s.b.a.e.web.EndpointLinksResolver      : Exposing 1 endpoint(s) beneath base path '/actuator'
2022-09-01 15:32:29.597  INFO 47521 --- [main] DiscoveryClientOptionalArgsConfiguration : Eureka HTTP Client uses RestTemplate.
2022-09-01 15:32:29.671  WARN 47521 --- [main] iguration$LoadBalancerCaffeineWarnLogger : Spring Cloud LoadBalancer is currently working with the default cache. While this cache implementation is useful for development and tests, it's recommended to use Caffeine cache in production.You can switch to using Caffeine cache, by adding it and org.springframework.cache.caffeine.CaffeineCacheManager to the classpath.
2022-09-01 15:32:29.822  INFO 47521 --- [main] c.a.r.service.ReportServiceTest          : Started ReportServiceTest in 1.697 seconds (JVM running for 11.905)
2022-09-01 15:32:29.842  INFO 47521 --- [main] c.a.r.service.ReportServiceImpl          : Patient Test TestInDanger has 3risk occurences
2022-09-01 15:32:29.857  INFO 47521 --- [main] c.a.r.service.ReportServiceImpl          : Patient Test TestEarlyOnset has 8risk occurences
2022-09-01 15:32:29.866  INFO 47521 --- [main] c.a.r.service.ReportServiceImpl          : Patient Test TestEarlyOnset has 5risk occurences
2022-09-01 15:32:29.872  INFO 47521 --- [main] c.a.r.service.ReportServiceImpl          : Patient Test TestBorderline has 4risk occurences
2022-09-01 15:32:29.877  INFO 47521 --- [main] c.a.r.service.ReportServiceImpl          : Patient Test TestBorderline has 3risk occurences
2022-09-01 15:32:29.884  INFO 47521 --- [main] c.a.r.service.ReportServiceImpl          : Patient Test TestEarlyOnset has 3risk occurences
2022-09-01 15:32:29.891  INFO 47521 --- [main] c.a.r.service.ReportServiceImpl          : Patient Test TestInDanger has 5risk occurences
2022-09-01 15:32:29.898  INFO 47521 --- [main] c.a.r.service.ReportServiceImpl          : Patient Test TestNone has 6risk occurences
2022-09-01 15:32:29.904  INFO 47521 --- [main] c.a.r.service.ReportServiceImpl          : Patient Test TestBorderline has 2risk occurences
2022-09-01 15:32:29.909  INFO 47521 --- [main] c.a.r.service.ReportServiceImpl          : Patient Test TestNone has 5risk occurences
2022-09-01 15:32:29.915  INFO 47521 --- [main] c.a.r.service.ReportServiceImpl          : Patient Test TestInDanger has 6risk occurences
2022-09-01 15:32:29.922  INFO 47521 --- [main] c.a.r.service.ReportServiceImpl          : Patient Test TestInDanger has 2risk occurences
2022-09-01 15:32:29.928  INFO 47521 --- [main] c.a.r.service.ReportServiceImpl          : Patient Test TestEarlyOnset has 4risk occurences
2022-09-01 15:32:29.934  INFO 47521 --- [main] c.a.r.service.ReportServiceImpl          : Patient Test TestNone has 1risk occurences
2022-09-01 15:32:29.951  INFO 47521 --- [main] c.a.r.service.ReportServiceImpl          : Patient Test TestNone has 1risk occurences
2022-09-01 15:32:29.958  INFO 47521 --- [main] c.a.r.service.ReportServiceImpl          : Patient Test TestNone has 1risk occurences
2022-09-01 15:32:29.964  INFO 47521 --- [main] c.a.r.service.ReportServiceImpl          : Patient Test TestBorderline has 6risk occurences
