2022-08-30 06:45:14.234  INFO 14257 --- [main] c.a.patientinfo.PatientinfoApplication   : Starting PatientinfoApplication using Java 17.0.1 on tezkat-OptiPlex-790 with PID 14257 (/home/tezkat/eclipse-workspace/abernathy/patientinfo/target/classes started by tezkat in /home/tezkat/eclipse-workspace/abernathy/patientinfo)
2022-08-30 06:45:14.242 DEBUG 14257 --- [main] c.a.patientinfo.PatientinfoApplication   : Running with Spring Boot v2.7.1, Spring v5.3.21
2022-08-30 06:45:14.243  INFO 14257 --- [main] c.a.patientinfo.PatientinfoApplication   : The following 1 profile is active: "dev"
2022-08-30 06:45:16.497  INFO 14257 --- [main] .s.d.r.c.RepositoryConfigurationDelegate : Bootstrapping Spring Data JPA repositories in DEFAULT mode.
2022-08-30 06:45:16.692  INFO 14257 --- [main] .s.d.r.c.RepositoryConfigurationDelegate : Finished Spring Data repository scanning in 183 ms. Found 1 JPA repository interfaces.
2022-08-30 06:45:16.938  INFO 14257 --- [main] o.s.cloud.context.scope.GenericScope     : BeanFactory id=0e412b0c-a97f-3528-8644-685352837698
2022-08-30 06:45:17.516  INFO 14257 --- [main] o.s.b.w.embedded.tomcat.TomcatWebServer  : Tomcat initialized with port(s): 8081 (http)
2022-08-30 06:45:17.676  INFO 14257 --- [main] w.s.c.ServletWebServerApplicationContext : Root WebApplicationContext: initialization completed in 3272 ms
2022-08-30 06:45:19.904  INFO 14257 --- [main] j.LocalContainerEntityManagerFactoryBean : Initialized JPA EntityManagerFactory for persistence unit 'default'
2022-08-30 06:45:20.380  WARN 14257 --- [main] JpaBaseConfiguration$JpaWebConfiguration : spring.jpa.open-in-view is enabled by default. Therefore, database queries may be performed during view rendering. Explicitly configure spring.jpa.open-in-view to disable this warning
2022-08-30 06:45:20.612  INFO 14257 --- [main] o.s.b.a.e.web.EndpointLinksResolver      : Exposing 1 endpoint(s) beneath base path '/actuator'
2022-08-30 06:45:20.958  INFO 14257 --- [main] DiscoveryClientOptionalArgsConfiguration : Eureka HTTP Client uses RestTemplate.
2022-08-30 06:45:21.008  WARN 14257 --- [main] iguration$LoadBalancerCaffeineWarnLogger : Spring Cloud LoadBalancer is currently working with the default cache. While this cache implementation is useful for development and tests, it's recommended to use Caffeine cache in production.You can switch to using Caffeine cache, by adding it and org.springframework.cache.caffeine.CaffeineCacheManager to the classpath.
2022-08-30 06:45:21.065  INFO 14257 --- [main] o.s.b.w.embedded.tomcat.TomcatWebServer  : Tomcat started on port(s): 8081 (http) with context path ''
2022-08-30 06:45:21.342  INFO 14257 --- [main] c.a.patientinfo.PatientinfoApplication   : Started PatientinfoApplication in 7.807 seconds (JVM running for 8.367)
2022-08-30 06:46:00.631  INFO 14257 --- [http-nio-8081-exec-1] o.s.web.servlet.DispatcherServlet        : Initializing Servlet 'dispatcherServlet'
2022-08-30 06:46:00.633  INFO 14257 --- [http-nio-8081-exec-1] o.s.web.servlet.DispatcherServlet        : Completed initialization in 2 ms
2022-08-30 07:01:37.740  INFO 14257 --- [SpringApplicationShutdownHook] j.LocalContainerEntityManagerFactoryBean : Closing JPA EntityManagerFactory for persistence unit 'default'
2022-08-30 07:40:55.702  INFO 19303 --- [main] c.a.patientinfo.PatientinfoApplication   : Starting PatientinfoApplication using Java 17.0.1 on tezkat-OptiPlex-790 with PID 19303 (/home/tezkat/eclipse-workspace/abernathy/patientinfo/target/classes started by tezkat in /home/tezkat/eclipse-workspace/abernathy/patientinfo)
2022-08-30 07:40:55.704 DEBUG 19303 --- [main] c.a.patientinfo.PatientinfoApplication   : Running with Spring Boot v2.7.1, Spring v5.3.21
2022-08-30 07:40:55.704  INFO 19303 --- [main] c.a.patientinfo.PatientinfoApplication   : The following 1 profile is active: "dev"
2022-08-30 07:40:56.591  INFO 19303 --- [main] .s.d.r.c.RepositoryConfigurationDelegate : Bootstrapping Spring Data JPA repositories in DEFAULT mode.
2022-08-30 07:40:56.704  INFO 19303 --- [main] .s.d.r.c.RepositoryConfigurationDelegate : Finished Spring Data repository scanning in 106 ms. Found 1 JPA repository interfaces.
2022-08-30 07:40:56.920  INFO 19303 --- [main] o.s.cloud.context.scope.GenericScope     : BeanFactory id=0e412b0c-a97f-3528-8644-685352837698
2022-08-30 07:40:57.272  INFO 19303 --- [main] o.s.b.w.embedded.tomcat.TomcatWebServer  : Tomcat initialized with port(s): 8081 (http)
2022-08-30 07:40:57.413  INFO 19303 --- [main] w.s.c.ServletWebServerApplicationContext : Root WebApplicationContext: initialization completed in 1670 ms
2022-08-30 07:40:58.612  INFO 19303 --- [main] j.LocalContainerEntityManagerFactoryBean : Initialized JPA EntityManagerFactory for persistence unit 'default'
2022-08-30 07:40:59.025  WARN 19303 --- [main] JpaBaseConfiguration$JpaWebConfiguration : spring.jpa.open-in-view is enabled by default. Therefore, database queries may be performed during view rendering. Explicitly configure spring.jpa.open-in-view to disable this warning
2022-08-30 07:40:59.178  INFO 19303 --- [main] o.s.b.a.e.web.EndpointLinksResolver      : Exposing 1 endpoint(s) beneath base path '/actuator'
2022-08-30 07:40:59.524  INFO 19303 --- [main] DiscoveryClientOptionalArgsConfiguration : Eureka HTTP Client uses RestTemplate.
2022-08-30 07:40:59.569  WARN 19303 --- [main] iguration$LoadBalancerCaffeineWarnLogger : Spring Cloud LoadBalancer is currently working with the default cache. While this cache implementation is useful for development and tests, it's recommended to use Caffeine cache in production.You can switch to using Caffeine cache, by adding it and org.springframework.cache.caffeine.CaffeineCacheManager to the classpath.
2022-08-30 07:40:59.623  INFO 19303 --- [main] o.s.b.w.embedded.tomcat.TomcatWebServer  : Tomcat started on port(s): 8081 (http) with context path ''
2022-08-30 07:40:59.868  INFO 19303 --- [main] c.a.patientinfo.PatientinfoApplication   : Started PatientinfoApplication in 4.53 seconds (JVM running for 4.851)
2022-08-30 07:45:55.449  INFO 19303 --- [http-nio-8081-exec-1] o.s.web.servlet.DispatcherServlet        : Initializing Servlet 'dispatcherServlet'
2022-08-30 07:45:55.452  INFO 19303 --- [http-nio-8081-exec-1] o.s.web.servlet.DispatcherServlet        : Completed initialization in 3 ms
2022-08-30 09:08:55.351  INFO 19303 --- [SpringApplicationShutdownHook] j.LocalContainerEntityManagerFactoryBean : Closing JPA EntityManagerFactory for persistence unit 'default'
2022-08-30 09:27:04.034  INFO 27991 --- [main] c.a.patientinfo.PatientinfoApplication   : Starting PatientinfoApplication using Java 17.0.1 on tezkat-OptiPlex-790 with PID 27991 (/home/tezkat/eclipse-workspace/abernathy/patientinfo/target/classes started by tezkat in /home/tezkat/eclipse-workspace/abernathy/patientinfo)
2022-08-30 09:27:04.036 DEBUG 27991 --- [main] c.a.patientinfo.PatientinfoApplication   : Running with Spring Boot v2.7.1, Spring v5.3.21
2022-08-30 09:27:04.037  INFO 27991 --- [main] c.a.patientinfo.PatientinfoApplication   : The following 1 profile is active: "dev"
2022-08-30 09:27:04.924  INFO 27991 --- [main] .s.d.r.c.RepositoryConfigurationDelegate : Bootstrapping Spring Data JPA repositories in DEFAULT mode.
2022-08-30 09:27:05.036  INFO 27991 --- [main] .s.d.r.c.RepositoryConfigurationDelegate : Finished Spring Data repository scanning in 105 ms. Found 1 JPA repository interfaces.
2022-08-30 09:27:05.257  INFO 27991 --- [main] o.s.cloud.context.scope.GenericScope     : BeanFactory id=0e412b0c-a97f-3528-8644-685352837698
2022-08-30 09:27:05.608  INFO 27991 --- [main] o.s.b.w.embedded.tomcat.TomcatWebServer  : Tomcat initialized with port(s): 8081 (http)
2022-08-30 09:27:05.740  INFO 27991 --- [main] w.s.c.ServletWebServerApplicationContext : Root WebApplicationContext: initialization completed in 1665 ms
2022-08-30 09:27:06.933  INFO 27991 --- [main] j.LocalContainerEntityManagerFactoryBean : Initialized JPA EntityManagerFactory for persistence unit 'default'
2022-08-30 09:27:07.330  WARN 27991 --- [main] JpaBaseConfiguration$JpaWebConfiguration : spring.jpa.open-in-view is enabled by default. Therefore, database queries may be performed during view rendering. Explicitly configure spring.jpa.open-in-view to disable this warning
2022-08-30 09:27:07.475  INFO 27991 --- [main] o.s.b.a.e.web.EndpointLinksResolver      : Exposing 1 endpoint(s) beneath base path '/actuator'
2022-08-30 09:27:07.814  INFO 27991 --- [main] DiscoveryClientOptionalArgsConfiguration : Eureka HTTP Client uses RestTemplate.
2022-08-30 09:27:07.856  WARN 27991 --- [main] iguration$LoadBalancerCaffeineWarnLogger : Spring Cloud LoadBalancer is currently working with the default cache. While this cache implementation is useful for development and tests, it's recommended to use Caffeine cache in production.You can switch to using Caffeine cache, by adding it and org.springframework.cache.caffeine.CaffeineCacheManager to the classpath.
2022-08-30 09:27:07.909  INFO 27991 --- [main] o.s.b.w.embedded.tomcat.TomcatWebServer  : Tomcat started on port(s): 8081 (http) with context path ''
2022-08-30 09:27:08.153  INFO 27991 --- [main] c.a.patientinfo.PatientinfoApplication   : Started PatientinfoApplication in 4.491 seconds (JVM running for 4.827)
2022-08-30 09:28:07.441  INFO 27991 --- [http-nio-8081-exec-1] o.s.web.servlet.DispatcherServlet        : Initializing Servlet 'dispatcherServlet'
2022-08-30 09:28:07.443  INFO 27991 --- [http-nio-8081-exec-1] o.s.web.servlet.DispatcherServlet        : Completed initialization in 1 ms
2022-08-30 09:33:09.892  INFO 27991 --- [SpringApplicationShutdownHook] j.LocalContainerEntityManagerFactoryBean : Closing JPA EntityManagerFactory for persistence unit 'default'
2022-08-30 10:10:02.572  INFO 33486 --- [main] c.a.p.PatientinfoApplicationTests        : Starting PatientinfoApplicationTests using Java 17.0.1 on tezkat-OptiPlex-790 with PID 33486 (started by tezkat in /home/tezkat/eclipse-workspace/abernathy/patientinfo)
2022-08-30 10:10:02.574 DEBUG 33486 --- [main] c.a.p.PatientinfoApplicationTests        : Running with Spring Boot v2.7.1, Spring v5.3.21
2022-08-30 10:10:02.575  INFO 33486 --- [main] c.a.p.PatientinfoApplicationTests        : The following 1 profile is active: "dev"
2022-08-30 10:10:04.549  INFO 33486 --- [main] .s.d.r.c.RepositoryConfigurationDelegate : Bootstrapping Spring Data JPA repositories in DEFAULT mode.
2022-08-30 10:10:04.758  INFO 33486 --- [main] .s.d.r.c.RepositoryConfigurationDelegate : Finished Spring Data repository scanning in 198 ms. Found 1 JPA repository interfaces.
2022-08-30 10:10:05.223  INFO 33486 --- [main] o.s.cloud.context.scope.GenericScope     : BeanFactory id=10ebc8f4-62ff-3fe0-b66d-d9ffda0a8fb9
2022-08-30 10:10:07.854  INFO 33486 --- [main] j.LocalContainerEntityManagerFactoryBean : Initialized JPA EntityManagerFactory for persistence unit 'default'
2022-08-30 10:10:08.844  WARN 33486 --- [main] JpaBaseConfiguration$JpaWebConfiguration : spring.jpa.open-in-view is enabled by default. Therefore, database queries may be performed during view rendering. Explicitly configure spring.jpa.open-in-view to disable this warning
2022-08-30 10:10:09.527  INFO 33486 --- [main] o.s.b.a.e.web.EndpointLinksResolver      : Exposing 1 endpoint(s) beneath base path '/actuator'
2022-08-30 10:10:10.684  INFO 33486 --- [main] DiscoveryClientOptionalArgsConfiguration : Eureka HTTP Client uses RestTemplate.
2022-08-30 10:10:10.819  WARN 33486 --- [main] iguration$LoadBalancerCaffeineWarnLogger : Spring Cloud LoadBalancer is currently working with the default cache. While this cache implementation is useful for development and tests, it's recommended to use Caffeine cache in production.You can switch to using Caffeine cache, by adding it and org.springframework.cache.caffeine.CaffeineCacheManager to the classpath.
2022-08-30 10:10:10.988  INFO 33486 --- [main] c.a.p.PatientinfoApplicationTests        : Started PatientinfoApplicationTests in 8.978 seconds (JVM running for 11.427)
2022-08-30 10:10:11.350  INFO 33486 --- [main] .b.t.a.w.s.WebMvcTestContextBootstrapper : Neither @ContextConfiguration nor @ContextHierarchy found for test class [com.abernathyclinic.patientinfo.controller.PatientControllerTest], using SpringBootContextLoader
2022-08-30 10:10:11.351  INFO 33486 --- [main] o.s.t.c.support.AbstractContextLoader    : Could not detect default resource locations for test class [com.abernathyclinic.patientinfo.controller.PatientControllerTest]: no resource found for suffixes {-context.xml, Context.groovy}.
2022-08-30 10:10:11.351  INFO 33486 --- [main] t.c.s.AnnotationConfigContextLoaderUtils : Could not detect default configuration classes for test class [com.abernathyclinic.patientinfo.controller.PatientControllerTest]: PatientControllerTest does not declare any static, non-private, non-final, nested classes annotated with @Configuration.
2022-08-30 10:10:11.412  INFO 33486 --- [main] .b.t.c.SpringBootTestContextBootstrapper : Found @SpringBootConfiguration com.abernathyclinic.patientinfo.PatientinfoApplication for test class com.abernathyclinic.patientinfo.controller.PatientControllerTest
2022-08-30 10:10:11.414  INFO 33486 --- [main] .b.t.a.w.s.WebMvcTestContextBootstrapper : Loaded default TestExecutionListener class names from location [META-INF/spring.factories]: [org.springframework.boot.test.mock.mockito.MockitoTestExecutionListener, org.springframework.boot.test.mock.mockito.ResetMocksTestExecutionListener, org.springframework.boot.test.autoconfigure.restdocs.RestDocsTestExecutionListener, org.springframework.boot.test.autoconfigure.web.client.MockRestServiceServerResetTestExecutionListener, org.springframework.boot.test.autoconfigure.web.servlet.MockMvcPrintOnlyOnFailureTestExecutionListener, org.springframework.boot.test.autoconfigure.web.servlet.WebDriverTestExecutionListener, org.springframework.boot.test.autoconfigure.webservices.client.MockWebServiceServerTestExecutionListener, org.springframework.test.context.web.ServletTestExecutionListener, org.springframework.test.context.support.DirtiesContextBeforeModesTestExecutionListener, org.springframework.test.context.event.ApplicationEventsTestExecutionListener, org.springframework.test.context.support.DependencyInjectionTestExecutionListener, org.springframework.test.context.support.DirtiesContextTestExecutionListener, org.springframework.test.context.transaction.TransactionalTestExecutionListener, org.springframework.test.context.jdbc.SqlScriptsTestExecutionListener, org.springframework.test.context.event.EventPublishingTestExecutionListener]
2022-08-30 10:10:11.416  INFO 33486 --- [main] .b.t.a.w.s.WebMvcTestContextBootstrapper : Using TestExecutionListeners: [org.springframework.test.context.web.ServletTestExecutionListener@6a7ff3e7, org.springframework.test.context.support.DirtiesContextBeforeModesTestExecutionListener@2fb4925c, org.springframework.test.context.event.ApplicationEventsTestExecutionListener@65ece13f, org.springframework.boot.test.mock.mockito.MockitoTestExecutionListener@75447fbd, org.springframework.boot.test.autoconfigure.SpringBootDependencyInjectionTestExecutionListener@60314a39, org.springframework.test.context.support.DirtiesContextTestExecutionListener@6b1c1211, org.springframework.test.context.transaction.TransactionalTestExecutionListener@697be354, org.springframework.test.context.jdbc.SqlScriptsTestExecutionListener@3f14d051, org.springframework.test.context.event.EventPublishingTestExecutionListener@559e3508, org.springframework.boot.test.mock.mockito.ResetMocksTestExecutionListener@5e993930, org.springframework.boot.test.autoconfigure.restdocs.RestDocsTestExecutionListener@68ce10f4, org.springframework.boot.test.autoconfigure.web.client.MockRestServiceServerResetTestExecutionListener@71c1d3e4, org.springframework.boot.test.autoconfigure.web.servlet.MockMvcPrintOnlyOnFailureTestExecutionListener@55d38ea1, org.springframework.boot.test.autoconfigure.web.servlet.WebDriverTestExecutionListener@42147d92, org.springframework.boot.test.autoconfigure.webservices.client.MockWebServiceServerTestExecutionListener@5a458c94]
2022-08-30 10:10:11.482  INFO 33486 --- [main] c.a.p.controller.PatientControllerTest   : Starting PatientControllerTest using Java 17.0.1 on tezkat-OptiPlex-790 with PID 33486 (started by tezkat in /home/tezkat/eclipse-workspace/abernathy/patientinfo)
2022-08-30 10:10:11.483 DEBUG 33486 --- [main] c.a.p.controller.PatientControllerTest   : Running with Spring Boot v2.7.1, Spring v5.3.21
2022-08-30 10:10:11.483  INFO 33486 --- [main] c.a.p.controller.PatientControllerTest   : The following 1 profile is active: "dev"
2022-08-30 10:10:11.988  INFO 33486 --- [main] o.s.b.t.m.w.SpringBootMockServletContext : Initializing Spring TestDispatcherServlet ''
2022-08-30 10:10:11.989  INFO 33486 --- [main] o.s.t.web.servlet.TestDispatcherServlet  : Initializing Servlet ''
2022-08-30 10:10:11.990  INFO 33486 --- [main] o.s.t.web.servlet.TestDispatcherServlet  : Completed initialization in 1 ms
2022-08-30 10:10:12.004  INFO 33486 --- [main] c.a.p.controller.PatientControllerTest   : Started PatientControllerTest in 0.582 seconds (JVM running for 12.443)
2022-08-30 10:10:12.492  INFO 33486 --- [main] .b.t.c.SpringBootTestContextBootstrapper : Neither @ContextConfiguration nor @ContextHierarchy found for test class [com.abernathyclinic.patientinfo.service.PatientServiceTest], using SpringBootContextLoader
2022-08-30 10:10:12.493  INFO 33486 --- [main] o.s.t.c.support.AbstractContextLoader    : Could not detect default resource locations for test class [com.abernathyclinic.patientinfo.service.PatientServiceTest]: no resource found for suffixes {-context.xml, Context.groovy}.
2022-08-30 10:10:12.493  INFO 33486 --- [main] t.c.s.AnnotationConfigContextLoaderUtils : Could not detect default configuration classes for test class [com.abernathyclinic.patientinfo.service.PatientServiceTest]: PatientServiceTest does not declare any static, non-private, non-final, nested classes annotated with @Configuration.
2022-08-30 10:10:12.499  INFO 33486 --- [main] .b.t.c.SpringBootTestContextBootstrapper : Found @SpringBootConfiguration com.abernathyclinic.patientinfo.PatientinfoApplication for test class com.abernathyclinic.patientinfo.service.PatientServiceTest
2022-08-30 10:10:12.502  INFO 33486 --- [main] .b.t.c.SpringBootTestContextBootstrapper : Loaded default TestExecutionListener class names from location [META-INF/spring.factories]: [org.springframework.boot.test.mock.mockito.MockitoTestExecutionListener, org.springframework.boot.test.mock.mockito.ResetMocksTestExecutionListener, org.springframework.boot.test.autoconfigure.restdocs.RestDocsTestExecutionListener, org.springframework.boot.test.autoconfigure.web.client.MockRestServiceServerResetTestExecutionListener, org.springframework.boot.test.autoconfigure.web.servlet.MockMvcPrintOnlyOnFailureTestExecutionListener, org.springframework.boot.test.autoconfigure.web.servlet.WebDriverTestExecutionListener, org.springframework.boot.test.autoconfigure.webservices.client.MockWebServiceServerTestExecutionListener, org.springframework.test.context.web.ServletTestExecutionListener, org.springframework.test.context.support.DirtiesContextBeforeModesTestExecutionListener, org.springframework.test.context.event.ApplicationEventsTestExecutionListener, org.springframework.test.context.support.DependencyInjectionTestExecutionListener, org.springframework.test.context.support.DirtiesContextTestExecutionListener, org.springframework.test.context.transaction.TransactionalTestExecutionListener, org.springframework.test.context.jdbc.SqlScriptsTestExecutionListener, org.springframework.test.context.event.EventPublishingTestExecutionListener]
2022-08-30 10:10:12.502  INFO 33486 --- [main] .b.t.c.SpringBootTestContextBootstrapper : Using TestExecutionListeners: [org.springframework.test.context.web.ServletTestExecutionListener@71995ebb, org.springframework.test.context.support.DirtiesContextBeforeModesTestExecutionListener@5639d1, org.springframework.test.context.event.ApplicationEventsTestExecutionListener@7d7437d2, org.springframework.boot.test.mock.mockito.MockitoTestExecutionListener@1ff45f6f, org.springframework.boot.test.autoconfigure.SpringBootDependencyInjectionTestExecutionListener@24a3b6ac, org.springframework.test.context.support.DirtiesContextTestExecutionListener@150a9b58, org.springframework.test.context.transaction.TransactionalTestExecutionListener@491cf48c, org.springframework.test.context.jdbc.SqlScriptsTestExecutionListener@74aec5e7, org.springframework.test.context.event.EventPublishingTestExecutionListener@4d810b08, org.springframework.boot.test.mock.mockito.ResetMocksTestExecutionListener@c1089bb, org.springframework.boot.test.autoconfigure.restdocs.RestDocsTestExecutionListener@2286a421, org.springframework.boot.test.autoconfigure.web.client.MockRestServiceServerResetTestExecutionListener@2005dc6b, org.springframework.boot.test.autoconfigure.web.servlet.MockMvcPrintOnlyOnFailureTestExecutionListener@65994a28, org.springframework.boot.test.autoconfigure.web.servlet.WebDriverTestExecutionListener@6d4c4a71, org.springframework.boot.test.autoconfigure.webservices.client.MockWebServiceServerTestExecutionListener@7afc5c55]
2022-08-30 10:10:12.566  INFO 33486 --- [main] c.a.p.service.PatientServiceTest         : Starting PatientServiceTest using Java 17.0.1 on tezkat-OptiPlex-790 with PID 33486 (started by tezkat in /home/tezkat/eclipse-workspace/abernathy/patientinfo)
2022-08-30 10:10:12.566 DEBUG 33486 --- [main] c.a.p.service.PatientServiceTest         : Running with Spring Boot v2.7.1, Spring v5.3.21
2022-08-30 10:10:12.566  INFO 33486 --- [main] c.a.p.service.PatientServiceTest         : The following 1 profile is active: "dev"
2022-08-30 10:10:12.983  INFO 33486 --- [main] .s.d.r.c.RepositoryConfigurationDelegate : Bootstrapping Spring Data JPA repositories in DEFAULT mode.
2022-08-30 10:10:12.990  INFO 33486 --- [main] .s.d.r.c.RepositoryConfigurationDelegate : Finished Spring Data repository scanning in 6 ms. Found 1 JPA repository interfaces.
2022-08-30 10:10:13.060  INFO 33486 --- [main] o.s.cloud.context.scope.GenericScope     : BeanFactory id=10ebc8f4-62ff-3fe0-b66d-d9ffda0a8fb9
2022-08-30 10:10:13.406  INFO 33486 --- [main] j.LocalContainerEntityManagerFactoryBean : Initialized JPA EntityManagerFactory for persistence unit 'default'
2022-08-30 10:10:13.695  WARN 33486 --- [main] JpaBaseConfiguration$JpaWebConfiguration : spring.jpa.open-in-view is enabled by default. Therefore, database queries may be performed during view rendering. Explicitly configure spring.jpa.open-in-view to disable this warning
2022-08-30 10:10:13.931  INFO 33486 --- [main] o.s.b.a.e.web.EndpointLinksResolver      : Exposing 1 endpoint(s) beneath base path '/actuator'
2022-08-30 10:10:14.434  INFO 33486 --- [main] DiscoveryClientOptionalArgsConfiguration : Eureka HTTP Client uses RestTemplate.
2022-08-30 10:10:14.508  WARN 33486 --- [main] iguration$LoadBalancerCaffeineWarnLogger : Spring Cloud LoadBalancer is currently working with the default cache. While this cache implementation is useful for development and tests, it's recommended to use Caffeine cache in production.You can switch to using Caffeine cache, by adding it and org.springframework.cache.caffeine.CaffeineCacheManager to the classpath.
2022-08-30 10:10:14.614  INFO 33486 --- [main] c.a.p.service.PatientServiceTest         : Started PatientServiceTest in 2.11 seconds (JVM running for 15.053)
2022-08-30 10:10:14.733  INFO 33486 --- [SpringApplicationShutdownHook] j.LocalContainerEntityManagerFactoryBean : Closing JPA EntityManagerFactory for persistence unit 'default'
2022-08-30 10:10:14.762  INFO 33486 --- [SpringApplicationShutdownHook] j.LocalContainerEntityManagerFactoryBean : Closing JPA EntityManagerFactory for persistence unit 'default'
