2022-08-31 14:11:30.658  INFO 31384 --- [main] .s.d.r.c.RepositoryConfigurationDelegate : Bootstrapping Spring Data MongoDB repositories in DEFAULT mode.
2022-08-31 14:11:30.929  INFO 31384 --- [main] .s.d.r.c.RepositoryConfigurationDelegate : Finished Spring Data repository scanning in 259 ms. Found 1 MongoDB repository interfaces.
2022-08-31 14:11:31.234  INFO 31384 --- [main] o.s.cloud.context.scope.GenericScope     : BeanFactory id=ed49916c-2fb1-318e-a5d5-13ed3a440f07
2022-08-31 14:11:32.103  INFO 31384 --- [main] o.s.b.w.embedded.tomcat.TomcatWebServer  : Tomcat initialized with port(s): 8082 (http)
2022-08-31 14:11:32.243  INFO 31384 --- [main] w.s.c.ServletWebServerApplicationContext : Root WebApplicationContext: initialization completed in 3464 ms
2022-08-31 14:11:32.734  WARN 31384 --- [main] o.s.data.convert.CustomConversions       : Registering converter from class java.time.LocalDateTime to class org.joda.time.LocalDateTime as reading converter although it doesn't convert from a store-supported type; You might want to check your annotation setup at the converter implementation
2022-08-31 14:11:32.857  WARN 31384 --- [main] o.s.data.convert.CustomConversions       : Registering converter from class java.time.LocalDateTime to class org.joda.time.LocalDateTime as reading converter although it doesn't convert from a store-supported type; You might want to check your annotation setup at the converter implementation
2022-08-31 14:11:33.300  INFO 31384 --- [main] o.s.b.a.e.web.EndpointLinksResolver      : Exposing 1 endpoint(s) beneath base path '/actuator'
2022-08-31 14:11:33.568  INFO 31384 --- [main] DiscoveryClientOptionalArgsConfiguration : Eureka HTTP Client uses RestTemplate.
2022-08-31 14:11:33.623  WARN 31384 --- [main] iguration$LoadBalancerCaffeineWarnLogger : Spring Cloud LoadBalancer is currently working with the default cache. While this cache implementation is useful for development and tests, it's recommended to use Caffeine cache in production.You can switch to using Caffeine cache, by adding it and org.springframework.cache.caffeine.CaffeineCacheManager to the classpath.
2022-08-31 14:11:33.703  INFO 31384 --- [main] o.s.b.w.embedded.tomcat.TomcatWebServer  : Tomcat started on port(s): 8082 (http) with context path ''
2022-08-31 14:20:36.040  INFO 32817 --- [main] .s.d.r.c.RepositoryConfigurationDelegate : Bootstrapping Spring Data MongoDB repositories in DEFAULT mode.
2022-08-31 14:20:36.148  INFO 32817 --- [main] .s.d.r.c.RepositoryConfigurationDelegate : Finished Spring Data repository scanning in 103 ms. Found 1 MongoDB repository interfaces.
2022-08-31 14:20:36.344  INFO 32817 --- [main] o.s.cloud.context.scope.GenericScope     : BeanFactory id=ed49916c-2fb1-318e-a5d5-13ed3a440f07
2022-08-31 14:20:36.618  INFO 32817 --- [main] o.s.b.w.embedded.tomcat.TomcatWebServer  : Tomcat initialized with port(s): 8082 (http)
2022-08-31 14:20:36.740  INFO 32817 --- [main] w.s.c.ServletWebServerApplicationContext : Root WebApplicationContext: initialization completed in 1538 ms
2022-08-31 14:20:37.081  WARN 32817 --- [main] o.s.data.convert.CustomConversions       : Registering converter from class java.time.LocalDateTime to class org.joda.time.LocalDateTime as reading converter although it doesn't convert from a store-supported type; You might want to check your annotation setup at the converter implementation
2022-08-31 14:20:37.146  WARN 32817 --- [main] o.s.data.convert.CustomConversions       : Registering converter from class java.time.LocalDateTime to class org.joda.time.LocalDateTime as reading converter although it doesn't convert from a store-supported type; You might want to check your annotation setup at the converter implementation
2022-08-31 14:20:37.522  INFO 32817 --- [main] o.s.b.a.e.web.EndpointLinksResolver      : Exposing 1 endpoint(s) beneath base path '/actuator'
2022-08-31 14:20:37.816  INFO 32817 --- [main] DiscoveryClientOptionalArgsConfiguration : Eureka HTTP Client uses RestTemplate.
2022-08-31 14:20:37.856  WARN 32817 --- [main] iguration$LoadBalancerCaffeineWarnLogger : Spring Cloud LoadBalancer is currently working with the default cache. While this cache implementation is useful for development and tests, it's recommended to use Caffeine cache in production.You can switch to using Caffeine cache, by adding it and org.springframework.cache.caffeine.CaffeineCacheManager to the classpath.
2022-08-31 14:20:37.909  INFO 32817 --- [main] o.s.b.w.embedded.tomcat.TomcatWebServer  : Tomcat started on port(s): 8082 (http) with context path ''
2022-08-31 14:20:47.953  INFO 32817 --- [http-nio-8082-exec-2] o.s.web.servlet.DispatcherServlet        : Initializing Servlet 'dispatcherServlet'
2022-08-31 14:20:47.956  INFO 32817 --- [http-nio-8082-exec-2] o.s.web.servlet.DispatcherServlet        : Completed initialization in 2 ms
2022-08-31 14:51:27.435  INFO 35654 --- [main] .s.d.r.c.RepositoryConfigurationDelegate : Bootstrapping Spring Data MongoDB repositories in DEFAULT mode.
2022-08-31 14:51:27.547  INFO 35654 --- [main] .s.d.r.c.RepositoryConfigurationDelegate : Finished Spring Data repository scanning in 106 ms. Found 1 MongoDB repository interfaces.
2022-08-31 14:51:27.746  INFO 35654 --- [main] o.s.cloud.context.scope.GenericScope     : BeanFactory id=ed49916c-2fb1-318e-a5d5-13ed3a440f07
2022-08-31 14:51:28.024  INFO 35654 --- [main] o.s.b.w.embedded.tomcat.TomcatWebServer  : Tomcat initialized with port(s): 8082 (http)
2022-08-31 14:51:28.151  INFO 35654 --- [main] w.s.c.ServletWebServerApplicationContext : Root WebApplicationContext: initialization completed in 1543 ms
2022-08-31 14:51:28.491  WARN 35654 --- [main] o.s.data.convert.CustomConversions       : Registering converter from class java.time.LocalDateTime to class org.joda.time.LocalDateTime as reading converter although it doesn't convert from a store-supported type; You might want to check your annotation setup at the converter implementation
2022-08-31 14:51:28.572  WARN 35654 --- [main] o.s.data.convert.CustomConversions       : Registering converter from class java.time.LocalDateTime to class org.joda.time.LocalDateTime as reading converter although it doesn't convert from a store-supported type; You might want to check your annotation setup at the converter implementation
2022-08-31 14:51:28.964  INFO 35654 --- [main] o.s.b.a.e.web.EndpointLinksResolver      : Exposing 1 endpoint(s) beneath base path '/actuator'
2022-08-31 14:51:29.237  INFO 35654 --- [main] DiscoveryClientOptionalArgsConfiguration : Eureka HTTP Client uses RestTemplate.
2022-08-31 14:51:29.282  WARN 35654 --- [main] iguration$LoadBalancerCaffeineWarnLogger : Spring Cloud LoadBalancer is currently working with the default cache. While this cache implementation is useful for development and tests, it's recommended to use Caffeine cache in production.You can switch to using Caffeine cache, by adding it and org.springframework.cache.caffeine.CaffeineCacheManager to the classpath.
2022-08-31 14:51:29.356  INFO 35654 --- [main] o.s.b.w.embedded.tomcat.TomcatWebServer  : Tomcat started on port(s): 8082 (http) with context path ''
2022-08-31 14:51:52.471  INFO 35654 --- [http-nio-8082-exec-2] o.s.web.servlet.DispatcherServlet        : Initializing Servlet 'dispatcherServlet'
2022-08-31 14:51:52.472  INFO 35654 --- [http-nio-8082-exec-2] o.s.web.servlet.DispatcherServlet        : Completed initialization in 1 ms
2022-08-31 15:35:48.487  INFO 40499 --- [main] .s.d.r.c.RepositoryConfigurationDelegate : Bootstrapping Spring Data MongoDB repositories in DEFAULT mode.
2022-08-31 15:35:48.596  INFO 40499 --- [main] .s.d.r.c.RepositoryConfigurationDelegate : Finished Spring Data repository scanning in 104 ms. Found 1 MongoDB repository interfaces.
2022-08-31 15:35:48.794  INFO 40499 --- [main] o.s.cloud.context.scope.GenericScope     : BeanFactory id=ed49916c-2fb1-318e-a5d5-13ed3a440f07
2022-08-31 15:35:49.068  INFO 40499 --- [main] o.s.b.w.embedded.tomcat.TomcatWebServer  : Tomcat initialized with port(s): 8082 (http)
2022-08-31 15:35:49.193  INFO 40499 --- [main] w.s.c.ServletWebServerApplicationContext : Root WebApplicationContext: initialization completed in 1539 ms
2022-08-31 15:35:49.541  WARN 40499 --- [main] o.s.data.convert.CustomConversions       : Registering converter from class java.time.LocalDateTime to class org.joda.time.LocalDateTime as reading converter although it doesn't convert from a store-supported type; You might want to check your annotation setup at the converter implementation
2022-08-31 15:35:49.605  WARN 40499 --- [main] o.s.data.convert.CustomConversions       : Registering converter from class java.time.LocalDateTime to class org.joda.time.LocalDateTime as reading converter although it doesn't convert from a store-supported type; You might want to check your annotation setup at the converter implementation
2022-08-31 15:35:49.979  INFO 40499 --- [main] o.s.b.a.e.web.EndpointLinksResolver      : Exposing 1 endpoint(s) beneath base path '/actuator'
2022-08-31 15:35:50.267  INFO 40499 --- [main] DiscoveryClientOptionalArgsConfiguration : Eureka HTTP Client uses RestTemplate.
2022-08-31 15:35:50.311  WARN 40499 --- [main] iguration$LoadBalancerCaffeineWarnLogger : Spring Cloud LoadBalancer is currently working with the default cache. While this cache implementation is useful for development and tests, it's recommended to use Caffeine cache in production.You can switch to using Caffeine cache, by adding it and org.springframework.cache.caffeine.CaffeineCacheManager to the classpath.
2022-08-31 15:35:50.365  INFO 40499 --- [main] o.s.b.w.embedded.tomcat.TomcatWebServer  : Tomcat started on port(s): 8082 (http) with context path ''
2022-08-31 15:37:20.965  INFO 40499 --- [http-nio-8082-exec-1] o.s.web.servlet.DispatcherServlet        : Initializing Servlet 'dispatcherServlet'
2022-08-31 15:37:20.966  INFO 40499 --- [http-nio-8082-exec-1] o.s.web.servlet.DispatcherServlet        : Completed initialization in 1 ms
2022-08-31 16:01:42.341  INFO 42915 --- [main] .s.d.r.c.RepositoryConfigurationDelegate : Bootstrapping Spring Data MongoDB repositories in DEFAULT mode.
2022-08-31 16:01:42.452  INFO 42915 --- [main] .s.d.r.c.RepositoryConfigurationDelegate : Finished Spring Data repository scanning in 106 ms. Found 1 MongoDB repository interfaces.
2022-08-31 16:01:42.654  INFO 42915 --- [main] o.s.cloud.context.scope.GenericScope     : BeanFactory id=ed49916c-2fb1-318e-a5d5-13ed3a440f07
2022-08-31 16:01:42.936  INFO 42915 --- [main] o.s.b.w.embedded.tomcat.TomcatWebServer  : Tomcat initialized with port(s): 8082 (http)
2022-08-31 16:01:43.063  INFO 42915 --- [main] w.s.c.ServletWebServerApplicationContext : Root WebApplicationContext: initialization completed in 1544 ms
2022-08-31 16:01:43.406  WARN 42915 --- [main] o.s.data.convert.CustomConversions       : Registering converter from class java.time.LocalDateTime to class org.joda.time.LocalDateTime as reading converter although it doesn't convert from a store-supported type; You might want to check your annotation setup at the converter implementation
2022-08-31 16:01:43.485  WARN 42915 --- [main] o.s.data.convert.CustomConversions       : Registering converter from class java.time.LocalDateTime to class org.joda.time.LocalDateTime as reading converter although it doesn't convert from a store-supported type; You might want to check your annotation setup at the converter implementation
2022-08-31 16:01:43.886  INFO 42915 --- [main] o.s.b.a.e.web.EndpointLinksResolver      : Exposing 1 endpoint(s) beneath base path '/actuator'
2022-08-31 16:01:44.163  INFO 42915 --- [main] DiscoveryClientOptionalArgsConfiguration : Eureka HTTP Client uses RestTemplate.
2022-08-31 16:01:44.209  WARN 42915 --- [main] iguration$LoadBalancerCaffeineWarnLogger : Spring Cloud LoadBalancer is currently working with the default cache. While this cache implementation is useful for development and tests, it's recommended to use Caffeine cache in production.You can switch to using Caffeine cache, by adding it and org.springframework.cache.caffeine.CaffeineCacheManager to the classpath.
2022-08-31 16:01:44.283  INFO 42915 --- [main] o.s.b.w.embedded.tomcat.TomcatWebServer  : Tomcat started on port(s): 8082 (http) with context path ''
2022-08-31 16:02:57.164  INFO 42915 --- [http-nio-8082-exec-1] o.s.web.servlet.DispatcherServlet        : Initializing Servlet 'dispatcherServlet'
2022-08-31 16:02:57.166  INFO 42915 --- [http-nio-8082-exec-1] o.s.web.servlet.DispatcherServlet        : Completed initialization in 1 ms
2022-08-31 17:17:37.888  INFO 48797 --- [main] .s.d.r.c.RepositoryConfigurationDelegate : Bootstrapping Spring Data MongoDB repositories in DEFAULT mode.
2022-08-31 17:17:38.075  INFO 48797 --- [main] .s.d.r.c.RepositoryConfigurationDelegate : Finished Spring Data repository scanning in 179 ms. Found 1 MongoDB repository interfaces.
2022-08-31 17:17:38.533  INFO 48797 --- [main] o.s.cloud.context.scope.GenericScope     : BeanFactory id=4262f5c9-6921-3614-894d-e010916738a1
2022-08-31 17:17:39.495  WARN 48797 --- [main] o.s.data.convert.CustomConversions       : Registering converter from class java.time.LocalDateTime to class org.joda.time.LocalDateTime as reading converter although it doesn't convert from a store-supported type; You might want to check your annotation setup at the converter implementation
2022-08-31 17:17:39.633  WARN 48797 --- [main] o.s.data.convert.CustomConversions       : Registering converter from class java.time.LocalDateTime to class org.joda.time.LocalDateTime as reading converter although it doesn't convert from a store-supported type; You might want to check your annotation setup at the converter implementation
2022-08-31 17:17:40.817  INFO 48797 --- [main] o.s.b.a.e.web.EndpointLinksResolver      : Exposing 1 endpoint(s) beneath base path '/actuator'
2022-08-31 17:17:41.891  INFO 48797 --- [main] DiscoveryClientOptionalArgsConfiguration : Eureka HTTP Client uses RestTemplate.
2022-08-31 17:17:42.033  WARN 48797 --- [main] iguration$LoadBalancerCaffeineWarnLogger : Spring Cloud LoadBalancer is currently working with the default cache. While this cache implementation is useful for development and tests, it's recommended to use Caffeine cache in production.You can switch to using Caffeine cache, by adding it and org.springframework.cache.caffeine.CaffeineCacheManager to the classpath.
2022-08-31 17:17:43.412  INFO 48797 --- [main] .b.t.a.w.s.WebMvcTestContextBootstrapper : Neither @ContextConfiguration nor @ContextHierarchy found for test class [com.abernathyclinic.patienthistory.controller.NoteControllerTest], using SpringBootContextLoader
2022-08-31 17:17:43.413  INFO 48797 --- [main] o.s.t.c.support.AbstractContextLoader    : Could not detect default resource locations for test class [com.abernathyclinic.patienthistory.controller.NoteControllerTest]: no resource found for suffixes {-context.xml, Context.groovy}.
2022-08-31 17:17:43.413  INFO 48797 --- [main] t.c.s.AnnotationConfigContextLoaderUtils : Could not detect default configuration classes for test class [com.abernathyclinic.patienthistory.controller.NoteControllerTest]: NoteControllerTest does not declare any static, non-private, non-final, nested classes annotated with @Configuration.
2022-08-31 17:17:43.443  INFO 48797 --- [main] .b.t.c.SpringBootTestContextBootstrapper : Found @SpringBootConfiguration com.abernathyclinic.patienthistory.PatienthistoryApplication for test class com.abernathyclinic.patienthistory.controller.NoteControllerTest
2022-08-31 17:17:43.445  INFO 48797 --- [main] .b.t.a.w.s.WebMvcTestContextBootstrapper : Loaded default TestExecutionListener class names from location [META-INF/spring.factories]: [org.springframework.boot.test.mock.mockito.MockitoTestExecutionListener, org.springframework.boot.test.mock.mockito.ResetMocksTestExecutionListener, org.springframework.boot.test.autoconfigure.restdocs.RestDocsTestExecutionListener, org.springframework.boot.test.autoconfigure.web.client.MockRestServiceServerResetTestExecutionListener, org.springframework.boot.test.autoconfigure.web.servlet.MockMvcPrintOnlyOnFailureTestExecutionListener, org.springframework.boot.test.autoconfigure.web.servlet.WebDriverTestExecutionListener, org.springframework.boot.test.autoconfigure.webservices.client.MockWebServiceServerTestExecutionListener, org.springframework.test.context.web.ServletTestExecutionListener, org.springframework.test.context.support.DirtiesContextBeforeModesTestExecutionListener, org.springframework.test.context.event.ApplicationEventsTestExecutionListener, org.springframework.test.context.support.DependencyInjectionTestExecutionListener, org.springframework.test.context.support.DirtiesContextTestExecutionListener, org.springframework.test.context.transaction.TransactionalTestExecutionListener, org.springframework.test.context.jdbc.SqlScriptsTestExecutionListener, org.springframework.test.context.event.EventPublishingTestExecutionListener]
2022-08-31 17:17:43.445  INFO 48797 --- [main] .b.t.a.w.s.WebMvcTestContextBootstrapper : Using TestExecutionListeners: [org.springframework.test.context.web.ServletTestExecutionListener@6afa82fe, org.springframework.test.context.support.DirtiesContextBeforeModesTestExecutionListener@7cb8b526, org.springframework.test.context.event.ApplicationEventsTestExecutionListener@797b2044, org.springframework.boot.test.mock.mockito.MockitoTestExecutionListener@45cfbcc2, org.springframework.boot.test.autoconfigure.SpringBootDependencyInjectionTestExecutionListener@7b1c2bf7, org.springframework.test.context.support.DirtiesContextTestExecutionListener@42b4b037, org.springframework.test.context.transaction.TransactionalTestExecutionListener@62edd125, org.springframework.test.context.jdbc.SqlScriptsTestExecutionListener@5afc4816, org.springframework.test.context.event.EventPublishingTestExecutionListener@4025832d, org.springframework.boot.test.mock.mockito.ResetMocksTestExecutionListener@2777b616, org.springframework.boot.test.autoconfigure.restdocs.RestDocsTestExecutionListener@2b9f2f24, org.springframework.boot.test.autoconfigure.web.client.MockRestServiceServerResetTestExecutionListener@131b7eb9, org.springframework.boot.test.autoconfigure.web.servlet.MockMvcPrintOnlyOnFailureTestExecutionListener@7f4bbb1c, org.springframework.boot.test.autoconfigure.web.servlet.WebDriverTestExecutionListener@651665e5, org.springframework.boot.test.autoconfigure.webservices.client.MockWebServiceServerTestExecutionListener@37a2806c]
2022-08-31 17:17:44.086  INFO 48797 --- [main] o.s.b.t.m.w.SpringBootMockServletContext : Initializing Spring TestDispatcherServlet ''
2022-08-31 17:17:44.087  INFO 48797 --- [main] o.s.t.web.servlet.TestDispatcherServlet  : Initializing Servlet ''
2022-08-31 17:17:44.088  INFO 48797 --- [main] o.s.t.web.servlet.TestDispatcherServlet  : Completed initialization in 1 ms
2022-08-31 17:17:44.597  INFO 48797 --- [main] .b.t.c.SpringBootTestContextBootstrapper : Neither @ContextConfiguration nor @ContextHierarchy found for test class [com.abernathyclinic.patienthistory.service.NoteServiceTest], using SpringBootContextLoader
2022-08-31 17:17:44.598  INFO 48797 --- [main] o.s.t.c.support.AbstractContextLoader    : Could not detect default resource locations for test class [com.abernathyclinic.patienthistory.service.NoteServiceTest]: no resource found for suffixes {-context.xml, Context.groovy}.
2022-08-31 17:17:44.599  INFO 48797 --- [main] t.c.s.AnnotationConfigContextLoaderUtils : Could not detect default configuration classes for test class [com.abernathyclinic.patienthistory.service.NoteServiceTest]: NoteServiceTest does not declare any static, non-private, non-final, nested classes annotated with @Configuration.
2022-08-31 17:17:44.606  INFO 48797 --- [main] .b.t.c.SpringBootTestContextBootstrapper : Found @SpringBootConfiguration com.abernathyclinic.patienthistory.PatienthistoryApplication for test class com.abernathyclinic.patienthistory.service.NoteServiceTest
2022-08-31 17:17:44.609  INFO 48797 --- [main] .b.t.c.SpringBootTestContextBootstrapper : Loaded default TestExecutionListener class names from location [META-INF/spring.factories]: [org.springframework.boot.test.mock.mockito.MockitoTestExecutionListener, org.springframework.boot.test.mock.mockito.ResetMocksTestExecutionListener, org.springframework.boot.test.autoconfigure.restdocs.RestDocsTestExecutionListener, org.springframework.boot.test.autoconfigure.web.client.MockRestServiceServerResetTestExecutionListener, org.springframework.boot.test.autoconfigure.web.servlet.MockMvcPrintOnlyOnFailureTestExecutionListener, org.springframework.boot.test.autoconfigure.web.servlet.WebDriverTestExecutionListener, org.springframework.boot.test.autoconfigure.webservices.client.MockWebServiceServerTestExecutionListener, org.springframework.test.context.web.ServletTestExecutionListener, org.springframework.test.context.support.DirtiesContextBeforeModesTestExecutionListener, org.springframework.test.context.event.ApplicationEventsTestExecutionListener, org.springframework.test.context.support.DependencyInjectionTestExecutionListener, org.springframework.test.context.support.DirtiesContextTestExecutionListener, org.springframework.test.context.transaction.TransactionalTestExecutionListener, org.springframework.test.context.jdbc.SqlScriptsTestExecutionListener, org.springframework.test.context.event.EventPublishingTestExecutionListener]
2022-08-31 17:17:44.609  INFO 48797 --- [main] .b.t.c.SpringBootTestContextBootstrapper : Using TestExecutionListeners: [org.springframework.test.context.web.ServletTestExecutionListener@1a68af, org.springframework.test.context.support.DirtiesContextBeforeModesTestExecutionListener@d3ddb8e, org.springframework.test.context.event.ApplicationEventsTestExecutionListener@1403187e, org.springframework.boot.test.mock.mockito.MockitoTestExecutionListener@7e2e6e75, org.springframework.boot.test.autoconfigure.SpringBootDependencyInjectionTestExecutionListener@2da23e0f, org.springframework.test.context.support.DirtiesContextTestExecutionListener@4ea0719e, org.springframework.test.context.transaction.TransactionalTestExecutionListener@42ec40dc, org.springframework.test.context.jdbc.SqlScriptsTestExecutionListener@4f3cd332, org.springframework.test.context.event.EventPublishingTestExecutionListener@7352de9c, org.springframework.boot.test.mock.mockito.ResetMocksTestExecutionListener@3eb36de9, org.springframework.boot.test.autoconfigure.restdocs.RestDocsTestExecutionListener@1e792043, org.springframework.boot.test.autoconfigure.web.client.MockRestServiceServerResetTestExecutionListener@37f5c5fd, org.springframework.boot.test.autoconfigure.web.servlet.MockMvcPrintOnlyOnFailureTestExecutionListener@52365ba1, org.springframework.boot.test.autoconfigure.web.servlet.WebDriverTestExecutionListener@774fa82b, org.springframework.boot.test.autoconfigure.webservices.client.MockWebServiceServerTestExecutionListener@20e3f5b9]
2022-08-31 17:17:45.049  INFO 48797 --- [main] .s.d.r.c.RepositoryConfigurationDelegate : Bootstrapping Spring Data MongoDB repositories in DEFAULT mode.
2022-08-31 17:17:45.055  INFO 48797 --- [main] .s.d.r.c.RepositoryConfigurationDelegate : Finished Spring Data repository scanning in 5 ms. Found 1 MongoDB repository interfaces.
2022-08-31 17:17:45.120  INFO 48797 --- [main] o.s.cloud.context.scope.GenericScope     : BeanFactory id=4262f5c9-6921-3614-894d-e010916738a1
2022-08-31 17:17:45.670  WARN 48797 --- [main] o.s.data.convert.CustomConversions       : Registering converter from class java.time.LocalDateTime to class org.joda.time.LocalDateTime as reading converter although it doesn't convert from a store-supported type; You might want to check your annotation setup at the converter implementation
2022-08-31 17:17:45.698  WARN 48797 --- [main] o.s.data.convert.CustomConversions       : Registering converter from class java.time.LocalDateTime to class org.joda.time.LocalDateTime as reading converter although it doesn't convert from a store-supported type; You might want to check your annotation setup at the converter implementation
2022-08-31 17:17:45.776  INFO 48797 --- [main] o.s.b.a.e.web.EndpointLinksResolver      : Exposing 1 endpoint(s) beneath base path '/actuator'
2022-08-31 17:17:46.226  INFO 48797 --- [main] DiscoveryClientOptionalArgsConfiguration : Eureka HTTP Client uses RestTemplate.
2022-08-31 17:17:46.292  WARN 48797 --- [main] iguration$LoadBalancerCaffeineWarnLogger : Spring Cloud LoadBalancer is currently working with the default cache. While this cache implementation is useful for development and tests, it's recommended to use Caffeine cache in production.You can switch to using Caffeine cache, by adding it and org.springframework.cache.caffeine.CaffeineCacheManager to the classpath.
2022-08-31 17:19:16.416  INFO 49798 --- [main] .s.d.r.c.RepositoryConfigurationDelegate : Bootstrapping Spring Data MongoDB repositories in DEFAULT mode.
2022-08-31 17:19:16.603  INFO 49798 --- [main] .s.d.r.c.RepositoryConfigurationDelegate : Finished Spring Data repository scanning in 179 ms. Found 1 MongoDB repository interfaces.
2022-08-31 17:19:17.043  INFO 49798 --- [main] o.s.cloud.context.scope.GenericScope     : BeanFactory id=4262f5c9-6921-3614-894d-e010916738a1
2022-08-31 17:19:18.045  WARN 49798 --- [main] o.s.data.convert.CustomConversions       : Registering converter from class java.time.LocalDateTime to class org.joda.time.LocalDateTime as reading converter although it doesn't convert from a store-supported type; You might want to check your annotation setup at the converter implementation
2022-08-31 17:19:18.172  WARN 49798 --- [main] o.s.data.convert.CustomConversions       : Registering converter from class java.time.LocalDateTime to class org.joda.time.LocalDateTime as reading converter although it doesn't convert from a store-supported type; You might want to check your annotation setup at the converter implementation
2022-08-31 17:19:19.416  INFO 49798 --- [main] o.s.b.a.e.web.EndpointLinksResolver      : Exposing 1 endpoint(s) beneath base path '/actuator'
2022-08-31 17:19:20.498  INFO 49798 --- [main] DiscoveryClientOptionalArgsConfiguration : Eureka HTTP Client uses RestTemplate.
2022-08-31 17:19:20.638  WARN 49798 --- [main] iguration$LoadBalancerCaffeineWarnLogger : Spring Cloud LoadBalancer is currently working with the default cache. While this cache implementation is useful for development and tests, it's recommended to use Caffeine cache in production.You can switch to using Caffeine cache, by adding it and org.springframework.cache.caffeine.CaffeineCacheManager to the classpath.
2022-08-31 17:19:21.873  INFO 49798 --- [main] .b.t.a.w.s.WebMvcTestContextBootstrapper : Neither @ContextConfiguration nor @ContextHierarchy found for test class [com.abernathyclinic.patienthistory.controller.NoteControllerTest], using SpringBootContextLoader
2022-08-31 17:19:21.874  INFO 49798 --- [main] o.s.t.c.support.AbstractContextLoader    : Could not detect default resource locations for test class [com.abernathyclinic.patienthistory.controller.NoteControllerTest]: no resource found for suffixes {-context.xml, Context.groovy}.
2022-08-31 17:19:21.874  INFO 49798 --- [main] t.c.s.AnnotationConfigContextLoaderUtils : Could not detect default configuration classes for test class [com.abernathyclinic.patienthistory.controller.NoteControllerTest]: NoteControllerTest does not declare any static, non-private, non-final, nested classes annotated with @Configuration.
2022-08-31 17:19:21.903  INFO 49798 --- [main] .b.t.c.SpringBootTestContextBootstrapper : Found @SpringBootConfiguration com.abernathyclinic.patienthistory.PatienthistoryApplication for test class com.abernathyclinic.patienthistory.controller.NoteControllerTest
2022-08-31 17:19:21.914  INFO 49798 --- [main] .b.t.a.w.s.WebMvcTestContextBootstrapper : Loaded default TestExecutionListener class names from location [META-INF/spring.factories]: [org.springframework.boot.test.mock.mockito.MockitoTestExecutionListener, org.springframework.boot.test.mock.mockito.ResetMocksTestExecutionListener, org.springframework.boot.test.autoconfigure.restdocs.RestDocsTestExecutionListener, org.springframework.boot.test.autoconfigure.web.client.MockRestServiceServerResetTestExecutionListener, org.springframework.boot.test.autoconfigure.web.servlet.MockMvcPrintOnlyOnFailureTestExecutionListener, org.springframework.boot.test.autoconfigure.web.servlet.WebDriverTestExecutionListener, org.springframework.boot.test.autoconfigure.webservices.client.MockWebServiceServerTestExecutionListener, org.springframework.test.context.web.ServletTestExecutionListener, org.springframework.test.context.support.DirtiesContextBeforeModesTestExecutionListener, org.springframework.test.context.event.ApplicationEventsTestExecutionListener, org.springframework.test.context.support.DependencyInjectionTestExecutionListener, org.springframework.test.context.support.DirtiesContextTestExecutionListener, org.springframework.test.context.transaction.TransactionalTestExecutionListener, org.springframework.test.context.jdbc.SqlScriptsTestExecutionListener, org.springframework.test.context.event.EventPublishingTestExecutionListener]
2022-08-31 17:19:21.915  INFO 49798 --- [main] .b.t.a.w.s.WebMvcTestContextBootstrapper : Using TestExecutionListeners: [org.springframework.test.context.web.ServletTestExecutionListener@522ef462, org.springframework.test.context.support.DirtiesContextBeforeModesTestExecutionListener@65b6b7e9, org.springframework.test.context.event.ApplicationEventsTestExecutionListener@76372f7f, org.springframework.boot.test.mock.mockito.MockitoTestExecutionListener@6572bcb5, org.springframework.boot.test.autoconfigure.SpringBootDependencyInjectionTestExecutionListener@40dac99d, org.springframework.test.context.support.DirtiesContextTestExecutionListener@10832790, org.springframework.test.context.transaction.TransactionalTestExecutionListener@5f80ae28, org.springframework.test.context.jdbc.SqlScriptsTestExecutionListener@2f673679, org.springframework.test.context.event.EventPublishingTestExecutionListener@39e79429, org.springframework.boot.test.mock.mockito.ResetMocksTestExecutionListener@30d19b22, org.springframework.boot.test.autoconfigure.restdocs.RestDocsTestExecutionListener@6afa82fe, org.springframework.boot.test.autoconfigure.web.client.MockRestServiceServerResetTestExecutionListener@7cb8b526, org.springframework.boot.test.autoconfigure.web.servlet.MockMvcPrintOnlyOnFailureTestExecutionListener@797b2044, org.springframework.boot.test.autoconfigure.web.servlet.WebDriverTestExecutionListener@45cfbcc2, org.springframework.boot.test.autoconfigure.webservices.client.MockWebServiceServerTestExecutionListener@7b1c2bf7]
2022-08-31 17:19:22.634  INFO 49798 --- [main] o.s.b.t.m.w.SpringBootMockServletContext : Initializing Spring TestDispatcherServlet ''
2022-08-31 17:19:22.634  INFO 49798 --- [main] o.s.t.web.servlet.TestDispatcherServlet  : Initializing Servlet ''
2022-08-31 17:19:22.635  INFO 49798 --- [main] o.s.t.web.servlet.TestDispatcherServlet  : Completed initialization in 1 ms
2022-08-31 17:19:23.130  INFO 49798 --- [main] .b.t.c.SpringBootTestContextBootstrapper : Neither @ContextConfiguration nor @ContextHierarchy found for test class [com.abernathyclinic.patienthistory.service.NoteServiceTest], using SpringBootContextLoader
2022-08-31 17:19:23.131  INFO 49798 --- [main] o.s.t.c.support.AbstractContextLoader    : Could not detect default resource locations for test class [com.abernathyclinic.patienthistory.service.NoteServiceTest]: no resource found for suffixes {-context.xml, Context.groovy}.
2022-08-31 17:19:23.131  INFO 49798 --- [main] t.c.s.AnnotationConfigContextLoaderUtils : Could not detect default configuration classes for test class [com.abernathyclinic.patienthistory.service.NoteServiceTest]: NoteServiceTest does not declare any static, non-private, non-final, nested classes annotated with @Configuration.
2022-08-31 17:19:23.137  INFO 49798 --- [main] .b.t.c.SpringBootTestContextBootstrapper : Found @SpringBootConfiguration com.abernathyclinic.patienthistory.PatienthistoryApplication for test class com.abernathyclinic.patienthistory.service.NoteServiceTest
2022-08-31 17:19:23.139  INFO 49798 --- [main] .b.t.c.SpringBootTestContextBootstrapper : Loaded default TestExecutionListener class names from location [META-INF/spring.factories]: [org.springframework.boot.test.mock.mockito.MockitoTestExecutionListener, org.springframework.boot.test.mock.mockito.ResetMocksTestExecutionListener, org.springframework.boot.test.autoconfigure.restdocs.RestDocsTestExecutionListener, org.springframework.boot.test.autoconfigure.web.client.MockRestServiceServerResetTestExecutionListener, org.springframework.boot.test.autoconfigure.web.servlet.MockMvcPrintOnlyOnFailureTestExecutionListener, org.springframework.boot.test.autoconfigure.web.servlet.WebDriverTestExecutionListener, org.springframework.boot.test.autoconfigure.webservices.client.MockWebServiceServerTestExecutionListener, org.springframework.test.context.web.ServletTestExecutionListener, org.springframework.test.context.support.DirtiesContextBeforeModesTestExecutionListener, org.springframework.test.context.event.ApplicationEventsTestExecutionListener, org.springframework.test.context.support.DependencyInjectionTestExecutionListener, org.springframework.test.context.support.DirtiesContextTestExecutionListener, org.springframework.test.context.transaction.TransactionalTestExecutionListener, org.springframework.test.context.jdbc.SqlScriptsTestExecutionListener, org.springframework.test.context.event.EventPublishingTestExecutionListener]
2022-08-31 17:19:23.140  INFO 49798 --- [main] .b.t.c.SpringBootTestContextBootstrapper : Using TestExecutionListeners: [org.springframework.test.context.web.ServletTestExecutionListener@4f0a81f6, org.springframework.test.context.support.DirtiesContextBeforeModesTestExecutionListener@61523c3, org.springframework.test.context.event.ApplicationEventsTestExecutionListener@79f05331, org.springframework.boot.test.mock.mockito.MockitoTestExecutionListener@4b3f178f, org.springframework.boot.test.autoconfigure.SpringBootDependencyInjectionTestExecutionListener@50213a2f, org.springframework.test.context.support.DirtiesContextTestExecutionListener@7f8510d3, org.springframework.test.context.transaction.TransactionalTestExecutionListener@497adc9, org.springframework.test.context.jdbc.SqlScriptsTestExecutionListener@372741bb, org.springframework.test.context.event.EventPublishingTestExecutionListener@6e0ef532, org.springframework.boot.test.mock.mockito.ResetMocksTestExecutionListener@395a63a8, org.springframework.boot.test.autoconfigure.restdocs.RestDocsTestExecutionListener@1a68af, org.springframework.boot.test.autoconfigure.web.client.MockRestServiceServerResetTestExecutionListener@d3ddb8e, org.springframework.boot.test.autoconfigure.web.servlet.MockMvcPrintOnlyOnFailureTestExecutionListener@1403187e, org.springframework.boot.test.autoconfigure.web.servlet.WebDriverTestExecutionListener@7e2e6e75, org.springframework.boot.test.autoconfigure.webservices.client.MockWebServiceServerTestExecutionListener@2da23e0f]
2022-08-31 17:19:23.584  INFO 49798 --- [main] .s.d.r.c.RepositoryConfigurationDelegate : Bootstrapping Spring Data MongoDB repositories in DEFAULT mode.
2022-08-31 17:19:23.590  INFO 49798 --- [main] .s.d.r.c.RepositoryConfigurationDelegate : Finished Spring Data repository scanning in 5 ms. Found 1 MongoDB repository interfaces.
2022-08-31 17:19:23.654  INFO 49798 --- [main] o.s.cloud.context.scope.GenericScope     : BeanFactory id=4262f5c9-6921-3614-894d-e010916738a1
2022-08-31 17:19:24.191  WARN 49798 --- [main] o.s.data.convert.CustomConversions       : Registering converter from class java.time.LocalDateTime to class org.joda.time.LocalDateTime as reading converter although it doesn't convert from a store-supported type; You might want to check your annotation setup at the converter implementation
2022-08-31 17:19:24.217  WARN 49798 --- [main] o.s.data.convert.CustomConversions       : Registering converter from class java.time.LocalDateTime to class org.joda.time.LocalDateTime as reading converter although it doesn't convert from a store-supported type; You might want to check your annotation setup at the converter implementation
2022-08-31 17:19:24.297  INFO 49798 --- [main] o.s.b.a.e.web.EndpointLinksResolver      : Exposing 1 endpoint(s) beneath base path '/actuator'
2022-08-31 17:19:24.737  INFO 49798 --- [main] DiscoveryClientOptionalArgsConfiguration : Eureka HTTP Client uses RestTemplate.
2022-08-31 17:19:24.812  WARN 49798 --- [main] iguration$LoadBalancerCaffeineWarnLogger : Spring Cloud LoadBalancer is currently working with the default cache. While this cache implementation is useful for development and tests, it's recommended to use Caffeine cache in production.You can switch to using Caffeine cache, by adding it and org.springframework.cache.caffeine.CaffeineCacheManager to the classpath.
